{"/Users/Adri/bootcamp/collab/skylab-bootcamp-201909/staff/adri-campo/time2padel/time2padel-api/logic/add-teamtoleague/index.spec.js":{"path":"/Users/Adri/bootcamp/collab/skylab-bootcamp-201909/staff/adri-campo/time2padel/time2padel-api/logic/add-teamtoleague/index.spec.js","statementMap":{"0":{"start":{"line":1,"column":0},"end":{"line":1,"column":26}},"1":{"start":{"line":2,"column":33},"end":{"line":2,"column":40}},"2":{"start":{"line":3,"column":19},"end":{"line":3,"column":34}},"3":{"start":{"line":4,"column":24},"end":{"line":4,"column":36}},"4":{"start":{"line":5,"column":26},"end":{"line":5,"column":30}},"5":{"start":{"line":6,"column":72},"end":{"line":6,"column":98}},"6":{"start":{"line":7,"column":38},"end":{"line":7,"column":64}},"7":{"start":{"line":9,"column":0},"end":{"line":109,"column":2}},"8":{"start":{"line":10,"column":4},"end":{"line":10,"column":47}},"9":{"start":{"line":10,"column":17},"end":{"line":10,"column":46}},"10":{"start":{"line":16,"column":4},"end":{"line":16,"column":47}},"11":{"start":{"line":17,"column":4},"end":{"line":17,"column":36}},"12":{"start":{"line":19,"column":4},"end":{"line":19,"column":32}},"13":{"start":{"line":20,"column":4},"end":{"line":20,"column":37}},"14":{"start":{"line":22,"column":4},"end":{"line":22,"column":68}},"15":{"start":{"line":23,"column":4},"end":{"line":23,"column":36}},"16":{"start":{"line":25,"column":4},"end":{"line":25,"column":84}},"17":{"start":{"line":26,"column":4},"end":{"line":26,"column":36}},"18":{"start":{"line":28,"column":4},"end":{"line":50,"column":6}},"19":{"start":{"line":30,"column":19},"end":{"line":30,"column":114}},"20":{"start":{"line":31,"column":19},"end":{"line":31,"column":114}},"21":{"start":{"line":32,"column":8},"end":{"line":32,"column":35}},"22":{"start":{"line":33,"column":8},"end":{"line":33,"column":23}},"23":{"start":{"line":34,"column":8},"end":{"line":34,"column":23}},"24":{"start":{"line":35,"column":8},"end":{"line":35,"column":33}},"25":{"start":{"line":36,"column":8},"end":{"line":36,"column":35}},"26":{"start":{"line":37,"column":8},"end":{"line":37,"column":27}},"27":{"start":{"line":40,"column":8},"end":{"line":40,"column":34}},"28":{"start":{"line":41,"column":8},"end":{"line":41,"column":37}},"29":{"start":{"line":42,"column":8},"end":{"line":42,"column":32}},"30":{"start":{"line":43,"column":8},"end":{"line":43,"column":32}},"31":{"start":{"line":44,"column":8},"end":{"line":44,"column":18}},"32":{"start":{"line":46,"column":8},"end":{"line":46,"column":86}},"33":{"start":{"line":48,"column":21},"end":{"line":48,"column":88}},"34":{"start":{"line":49,"column":8},"end":{"line":49,"column":20}},"35":{"start":{"line":51,"column":4},"end":{"line":66,"column":6}},"36":{"start":{"line":52,"column":21},"end":{"line":52,"column":78}},"37":{"start":{"line":53,"column":21},"end":{"line":53,"column":88}},"38":{"start":{"line":54,"column":8},"end":{"line":54,"column":31}},"39":{"start":{"line":56,"column":24},"end":{"line":56,"column":69}},"40":{"start":{"line":56,"column":49},"end":{"line":56,"column":68}},"41":{"start":{"line":58,"column":8},"end":{"line":58,"column":49}},"42":{"start":{"line":60,"column":8},"end":{"line":60,"column":31}},"43":{"start":{"line":61,"column":8},"end":{"line":61,"column":44}},"44":{"start":{"line":62,"column":8},"end":{"line":62,"column":46}},"45":{"start":{"line":63,"column":8},"end":{"line":63,"column":42}},"46":{"start":{"line":64,"column":8},"end":{"line":64,"column":42}},"47":{"start":{"line":65,"column":8},"end":{"line":65,"column":60}},"48":{"start":{"line":68,"column":4},"end":{"line":89,"column":6}},"49":{"start":{"line":69,"column":21},"end":{"line":69,"column":78}},"50":{"start":{"line":70,"column":22},"end":{"line":70,"column":89}},"51":{"start":{"line":71,"column":22},"end":{"line":71,"column":89}},"52":{"start":{"line":72,"column":22},"end":{"line":72,"column":89}},"53":{"start":{"line":73,"column":22},"end":{"line":73,"column":89}},"54":{"start":{"line":74,"column":22},"end":{"line":74,"column":89}},"55":{"start":{"line":75,"column":22},"end":{"line":75,"column":89}},"56":{"start":{"line":76,"column":8},"end":{"line":76,"column":62}},"57":{"start":{"line":78,"column":24},"end":{"line":78,"column":69}},"58":{"start":{"line":78,"column":49},"end":{"line":78,"column":68}},"59":{"start":{"line":80,"column":8},"end":{"line":88,"column":9}},"60":{"start":{"line":81,"column":25},"end":{"line":81,"column":92}},"61":{"start":{"line":82,"column":12},"end":{"line":82,"column":53}},"62":{"start":{"line":83,"column":12},"end":{"line":83,"column":61}},"63":{"start":{"line":85,"column":12},"end":{"line":85,"column":34}},"64":{"start":{"line":86,"column":12},"end":{"line":86,"column":52}},"65":{"start":{"line":87,"column":12},"end":{"line":87,"column":76}},"66":{"start":{"line":91,"column":4},"end":{"line":105,"column":6}},"67":{"start":{"line":92,"column":21},"end":{"line":92,"column":78}},"68":{"start":{"line":93,"column":19},"end":{"line":93,"column":86}},"69":{"start":{"line":94,"column":8},"end":{"line":94,"column":31}},"70":{"start":{"line":95,"column":8},"end":{"line":95,"column":31}},"71":{"start":{"line":97,"column":8},"end":{"line":104,"column":9}},"72":{"start":{"line":98,"column":12},"end":{"line":98,"column":53}},"73":{"start":{"line":99,"column":12},"end":{"line":99,"column":83}},"74":{"start":{"line":101,"column":12},"end":{"line":101,"column":34}},"75":{"start":{"line":102,"column":12},"end":{"line":102,"column":52}},"76":{"start":{"line":103,"column":12},"end":{"line":103,"column":98}},"77":{"start":{"line":107,"column":4},"end":{"line":107,"column":160}},"78":{"start":{"line":107,"column":16},"end":{"line":107,"column":159}}},"fnMap":{"0":{"name":"(anonymous_0)","decl":{"start":{"line":9,"column":39},"end":{"line":9,"column":40}},"loc":{"start":{"line":9,"column":45},"end":{"line":109,"column":1}},"line":9},"1":{"name":"(anonymous_1)","decl":{"start":{"line":10,"column":11},"end":{"line":10,"column":12}},"loc":{"start":{"line":10,"column":17},"end":{"line":10,"column":46}},"line":10},"2":{"name":"(anonymous_2)","decl":{"start":{"line":28,"column":15},"end":{"line":28,"column":16}},"loc":{"start":{"line":28,"column":27},"end":{"line":50,"column":5}},"line":28},"3":{"name":"(anonymous_3)","decl":{"start":{"line":51,"column":99},"end":{"line":51,"column":100}},"loc":{"start":{"line":51,"column":111},"end":{"line":66,"column":5}},"line":51},"4":{"name":"(anonymous_4)","decl":{"start":{"line":56,"column":41},"end":{"line":56,"column":42}},"loc":{"start":{"line":56,"column":49},"end":{"line":56,"column":68}},"line":56},"5":{"name":"(anonymous_5)","decl":{"start":{"line":68,"column":68},"end":{"line":68,"column":69}},"loc":{"start":{"line":68,"column":80},"end":{"line":89,"column":5}},"line":68},"6":{"name":"(anonymous_6)","decl":{"start":{"line":78,"column":41},"end":{"line":78,"column":42}},"loc":{"start":{"line":78,"column":49},"end":{"line":78,"column":68}},"line":78},"7":{"name":"(anonymous_7)","decl":{"start":{"line":91,"column":60},"end":{"line":91,"column":61}},"loc":{"start":{"line":91,"column":72},"end":{"line":105,"column":5}},"line":91},"8":{"name":"(anonymous_8)","decl":{"start":{"line":107,"column":10},"end":{"line":107,"column":11}},"loc":{"start":{"line":107,"column":16},"end":{"line":107,"column":159}},"line":107}},"branchMap":{},"s":{"0":1,"1":1,"2":1,"3":1,"4":1,"5":1,"6":1,"7":1,"8":1,"9":1,"10":1,"11":1,"12":1,"13":1,"14":1,"15":1,"16":1,"17":1,"18":1,"19":3,"20":3,"21":3,"22":3,"23":3,"24":3,"25":3,"26":3,"27":3,"28":3,"29":3,"30":3,"31":3,"32":3,"33":3,"34":3,"35":1,"36":1,"37":1,"38":1,"39":1,"40":1,"41":1,"42":1,"43":1,"44":1,"45":1,"46":1,"47":1,"48":1,"49":1,"50":1,"51":1,"52":1,"53":1,"54":1,"55":1,"56":1,"57":1,"58":6,"59":1,"60":1,"61":1,"62":1,"63":1,"64":1,"65":1,"66":1,"67":1,"68":1,"69":1,"70":1,"71":1,"72":1,"73":1,"74":1,"75":1,"76":1,"77":1,"78":1},"f":{"0":1,"1":1,"2":3,"3":1,"4":1,"5":1,"6":6,"7":1,"8":1},"b":{},"_coverageSchema":"43e27e138ebf9cfc5966b082cf9a028302ed4184","hash":"5bf43d83bc863f1c20423a5e3b8c882e6f7311bc","contentHash":"837770995f63e3b699889e0b37b4a5b59d8a1bad7e1623c9dee57be7c8e5ce89"},"/Users/Adri/bootcamp/collab/skylab-bootcamp-201909/staff/adri-campo/time2padel/time2padel-api/logic/add-teamtoleague/index.js":{"path":"/Users/Adri/bootcamp/collab/skylab-bootcamp-201909/staff/adri-campo/time2padel/time2padel-api/logic/add-teamtoleague/index.js","statementMap":{"0":{"start":{"line":1,"column":21},"end":{"line":1,"column":47}},"1":{"start":{"line":2,"column":56},"end":{"line":2,"column":82}},"2":{"start":{"line":3,"column":14},"end":{"line":3,"column":50}},"3":{"start":{"line":14,"column":0},"end":{"line":55,"column":1}},"4":{"start":{"line":15,"column":4},"end":{"line":15,"column":29}},"5":{"start":{"line":16,"column":4},"end":{"line":16,"column":49}},"6":{"start":{"line":18,"column":4},"end":{"line":18,"column":27}},"7":{"start":{"line":19,"column":4},"end":{"line":19,"column":45}},"8":{"start":{"line":20,"column":4},"end":{"line":54,"column":8}},"9":{"start":{"line":21,"column":23},"end":{"line":21,"column":54}},"10":{"start":{"line":22,"column":8},"end":{"line":22,"column":84}},"11":{"start":{"line":22,"column":21},"end":{"line":22,"column":84}},"12":{"start":{"line":23,"column":24},"end":{"line":23,"column":51}},"13":{"start":{"line":24,"column":8},"end":{"line":24,"column":84}},"14":{"start":{"line":24,"column":22},"end":{"line":24,"column":84}},"15":{"start":{"line":26,"column":8},"end":{"line":26,"column":117}},"16":{"start":{"line":26,"column":43},"end":{"line":26,"column":117}},"17":{"start":{"line":27,"column":8},"end":{"line":27,"column":87}},"18":{"start":{"line":27,"column":38},"end":{"line":27,"column":87}},"19":{"start":{"line":28,"column":8},"end":{"line":28,"column":142}},"20":{"start":{"line":28,"column":70},"end":{"line":28,"column":142}},"21":{"start":{"line":30,"column":8},"end":{"line":30,"column":33}},"22":{"start":{"line":31,"column":8},"end":{"line":31,"column":38}},"23":{"start":{"line":33,"column":8},"end":{"line":50,"column":9}},"24":{"start":{"line":34,"column":12},"end":{"line":34,"column":39}},"25":{"start":{"line":35,"column":28},"end":{"line":35,"column":73}},"26":{"start":{"line":35,"column":53},"end":{"line":35,"column":72}},"27":{"start":{"line":37,"column":27},"end":{"line":37,"column":41}},"28":{"start":{"line":39,"column":12},"end":{"line":47,"column":13}},"29":{"start":{"line":39,"column":25},"end":{"line":39,"column":26}},"30":{"start":{"line":40,"column":35},"end":{"line":40,"column":49}},"31":{"start":{"line":41,"column":16},"end":{"line":45,"column":17}},"32":{"start":{"line":41,"column":29},"end":{"line":41,"column":30}},"33":{"start":{"line":42,"column":34},"end":{"line":42,"column":43}},"34":{"start":{"line":43,"column":20},"end":{"line":43,"column":74}},"35":{"start":{"line":44,"column":20},"end":{"line":44,"column":50}},"36":{"start":{"line":46,"column":16},"end":{"line":46,"column":51}},"37":{"start":{"line":48,"column":12},"end":{"line":48,"column":39}},"38":{"start":{"line":51,"column":8},"end":{"line":51,"column":28}},"39":{"start":{"line":52,"column":8},"end":{"line":52,"column":27}}},"fnMap":{"0":{"name":"(anonymous_0)","decl":{"start":{"line":14,"column":17},"end":{"line":14,"column":18}},"loc":{"start":{"line":14,"column":45},"end":{"line":55,"column":1}},"line":14},"1":{"name":"(anonymous_1)","decl":{"start":{"line":20,"column":12},"end":{"line":20,"column":13}},"loc":{"start":{"line":20,"column":24},"end":{"line":54,"column":5}},"line":20},"2":{"name":"(anonymous_2)","decl":{"start":{"line":35,"column":45},"end":{"line":35,"column":46}},"loc":{"start":{"line":35,"column":53},"end":{"line":35,"column":72}},"line":35}},"branchMap":{"0":{"loc":{"start":{"line":22,"column":8},"end":{"line":22,"column":84}},"type":"if","locations":[{"start":{"line":22,"column":8},"end":{"line":22,"column":84}},{"start":{"line":22,"column":8},"end":{"line":22,"column":84}}],"line":22},"1":{"loc":{"start":{"line":24,"column":8},"end":{"line":24,"column":84}},"type":"if","locations":[{"start":{"line":24,"column":8},"end":{"line":24,"column":84}},{"start":{"line":24,"column":8},"end":{"line":24,"column":84}}],"line":24},"2":{"loc":{"start":{"line":26,"column":8},"end":{"line":26,"column":117}},"type":"if","locations":[{"start":{"line":26,"column":8},"end":{"line":26,"column":117}},{"start":{"line":26,"column":8},"end":{"line":26,"column":117}}],"line":26},"3":{"loc":{"start":{"line":27,"column":8},"end":{"line":27,"column":87}},"type":"if","locations":[{"start":{"line":27,"column":8},"end":{"line":27,"column":87}},{"start":{"line":27,"column":8},"end":{"line":27,"column":87}}],"line":27},"4":{"loc":{"start":{"line":28,"column":8},"end":{"line":28,"column":142}},"type":"if","locations":[{"start":{"line":28,"column":8},"end":{"line":28,"column":142}},{"start":{"line":28,"column":8},"end":{"line":28,"column":142}}],"line":28},"5":{"loc":{"start":{"line":33,"column":8},"end":{"line":50,"column":9}},"type":"if","locations":[{"start":{"line":33,"column":8},"end":{"line":50,"column":9}},{"start":{"line":33,"column":8},"end":{"line":50,"column":9}}],"line":33}},"s":{"0":1,"1":1,"2":1,"3":1,"4":3,"5":3,"6":3,"7":3,"8":3,"9":3,"10":3,"11":0,"12":3,"13":3,"14":0,"15":3,"16":0,"17":3,"18":0,"19":3,"20":0,"21":3,"22":3,"23":3,"24":0,"25":0,"26":0,"27":0,"28":0,"29":0,"30":0,"31":0,"32":0,"33":0,"34":0,"35":0,"36":0,"37":0,"38":3,"39":3},"f":{"0":3,"1":3,"2":0},"b":{"0":[0,3],"1":[0,3],"2":[0,3],"3":[0,3],"4":[0,3],"5":[0,3]},"_coverageSchema":"43e27e138ebf9cfc5966b082cf9a028302ed4184","hash":"38947ebd99f0b1f89fe89ace94c1dcb3f26e96a2","contentHash":"09f9dc3c014fb02e892887a76837b06e4dedad55adef90138064796d2328c477"},"/Users/Adri/bootcamp/collab/skylab-bootcamp-201909/staff/adri-campo/time2padel/time2padel-api/logic/authenticate-user/index.spec.js":{"path":"/Users/Adri/bootcamp/collab/skylab-bootcamp-201909/staff/adri-campo/time2padel/time2padel-api/logic/authenticate-user/index.spec.js","statementMap":{"0":{"start":{"line":1,"column":0},"end":{"line":1,"column":26}},"1":{"start":{"line":2,"column":33},"end":{"line":2,"column":40}},"2":{"start":{"line":3,"column":19},"end":{"line":3,"column":34}},"3":{"start":{"line":4,"column":25},"end":{"line":4,"column":37}},"4":{"start":{"line":5,"column":26},"end":{"line":5,"column":30}},"5":{"start":{"line":6,"column":55},"end":{"line":6,"column":81}},"6":{"start":{"line":7,"column":39},"end":{"line":7,"column":65}},"7":{"start":{"line":8,"column":15},"end":{"line":8,"column":34}},"8":{"start":{"line":10,"column":0},"end":{"line":96,"column":2}},"9":{"start":{"line":11,"column":4},"end":{"line":11,"column":47}},"10":{"start":{"line":11,"column":17},"end":{"line":11,"column":46}},"11":{"start":{"line":14,"column":4},"end":{"line":14,"column":32}},"12":{"start":{"line":15,"column":4},"end":{"line":15,"column":30}},"13":{"start":{"line":17,"column":4},"end":{"line":27,"column":6}},"14":{"start":{"line":18,"column":8},"end":{"line":18,"column":33}},"15":{"start":{"line":19,"column":8},"end":{"line":19,"column":39}},"16":{"start":{"line":20,"column":8},"end":{"line":20,"column":41}},"17":{"start":{"line":21,"column":8},"end":{"line":21,"column":31}},"18":{"start":{"line":22,"column":8},"end":{"line":22,"column":44}},"19":{"start":{"line":23,"column":8},"end":{"line":23,"column":41}},"20":{"start":{"line":24,"column":8},"end":{"line":24,"column":31}},"21":{"start":{"line":25,"column":21},"end":{"line":25,"column":125}},"22":{"start":{"line":26,"column":8},"end":{"line":26,"column":20}},"23":{"start":{"line":29,"column":4},"end":{"line":37,"column":6}},"24":{"start":{"line":30,"column":23},"end":{"line":30,"column":65}},"25":{"start":{"line":32,"column":8},"end":{"line":32,"column":31}},"26":{"start":{"line":33,"column":8},"end":{"line":33,"column":48}},"27":{"start":{"line":34,"column":8},"end":{"line":34,"column":50}},"28":{"start":{"line":36,"column":8},"end":{"line":36,"column":35}},"29":{"start":{"line":39,"column":4},"end":{"line":71,"column":6}},"30":{"start":{"line":40,"column":8},"end":{"line":54,"column":10}},"31":{"start":{"line":41,"column":29},"end":{"line":41,"column":36}},"32":{"start":{"line":43,"column":12},"end":{"line":53,"column":13}},"33":{"start":{"line":44,"column":16},"end":{"line":44,"column":58}},"34":{"start":{"line":46,"column":16},"end":{"line":46,"column":62}},"35":{"start":{"line":48,"column":16},"end":{"line":48,"column":38}},"36":{"start":{"line":49,"column":16},"end":{"line":49,"column":67}},"37":{"start":{"line":51,"column":36},"end":{"line":51,"column":41}},"38":{"start":{"line":52,"column":16},"end":{"line":52,"column":58}},"39":{"start":{"line":56,"column":8},"end":{"line":70,"column":10}},"40":{"start":{"line":57,"column":29},"end":{"line":57,"column":36}},"41":{"start":{"line":59,"column":12},"end":{"line":69,"column":13}},"42":{"start":{"line":60,"column":16},"end":{"line":60,"column":58}},"43":{"start":{"line":62,"column":16},"end":{"line":62,"column":62}},"44":{"start":{"line":64,"column":16},"end":{"line":64,"column":38}},"45":{"start":{"line":65,"column":16},"end":{"line":65,"column":67}},"46":{"start":{"line":67,"column":36},"end":{"line":67,"column":41}},"47":{"start":{"line":68,"column":16},"end":{"line":68,"column":58}},"48":{"start":{"line":73,"column":4},"end":{"line":93,"column":6}},"49":{"start":{"line":74,"column":8},"end":{"line":74,"column":82}},"50":{"start":{"line":74,"column":21},"end":{"line":74,"column":40}},"51":{"start":{"line":75,"column":8},"end":{"line":75,"column":88}},"52":{"start":{"line":75,"column":21},"end":{"line":75,"column":43}},"53":{"start":{"line":76,"column":8},"end":{"line":76,"column":82}},"54":{"start":{"line":76,"column":21},"end":{"line":76,"column":41}},"55":{"start":{"line":77,"column":8},"end":{"line":77,"column":97}},"56":{"start":{"line":77,"column":21},"end":{"line":77,"column":41}},"57":{"start":{"line":78,"column":8},"end":{"line":78,"column":98}},"58":{"start":{"line":78,"column":21},"end":{"line":78,"column":48}},"59":{"start":{"line":79,"column":8},"end":{"line":79,"column":88}},"60":{"start":{"line":79,"column":21},"end":{"line":79,"column":43}},"61":{"start":{"line":81,"column":8},"end":{"line":81,"column":95}},"62":{"start":{"line":81,"column":21},"end":{"line":81,"column":41}},"63":{"start":{"line":82,"column":8},"end":{"line":82,"column":100}},"64":{"start":{"line":82,"column":21},"end":{"line":82,"column":46}},"65":{"start":{"line":84,"column":8},"end":{"line":84,"column":89}},"66":{"start":{"line":84,"column":21},"end":{"line":84,"column":47}},"67":{"start":{"line":85,"column":8},"end":{"line":85,"column":95}},"68":{"start":{"line":85,"column":21},"end":{"line":85,"column":50}},"69":{"start":{"line":86,"column":8},"end":{"line":86,"column":89}},"70":{"start":{"line":86,"column":21},"end":{"line":86,"column":48}},"71":{"start":{"line":87,"column":8},"end":{"line":87,"column":104}},"72":{"start":{"line":87,"column":21},"end":{"line":87,"column":48}},"73":{"start":{"line":88,"column":8},"end":{"line":88,"column":105}},"74":{"start":{"line":88,"column":21},"end":{"line":88,"column":55}},"75":{"start":{"line":89,"column":8},"end":{"line":89,"column":95}},"76":{"start":{"line":89,"column":21},"end":{"line":89,"column":50}},"77":{"start":{"line":91,"column":8},"end":{"line":91,"column":102}},"78":{"start":{"line":91,"column":21},"end":{"line":91,"column":48}},"79":{"start":{"line":92,"column":8},"end":{"line":92,"column":107}},"80":{"start":{"line":92,"column":21},"end":{"line":92,"column":53}},"81":{"start":{"line":95,"column":4},"end":{"line":95,"column":60}},"82":{"start":{"line":95,"column":16},"end":{"line":95,"column":59}}},"fnMap":{"0":{"name":"(anonymous_0)","decl":{"start":{"line":10,"column":38},"end":{"line":10,"column":39}},"loc":{"start":{"line":10,"column":44},"end":{"line":96,"column":1}},"line":10},"1":{"name":"(anonymous_1)","decl":{"start":{"line":11,"column":11},"end":{"line":11,"column":12}},"loc":{"start":{"line":11,"column":17},"end":{"line":11,"column":46}},"line":11},"2":{"name":"(anonymous_2)","decl":{"start":{"line":17,"column":15},"end":{"line":17,"column":16}},"loc":{"start":{"line":17,"column":27},"end":{"line":27,"column":5}},"line":17},"3":{"name":"(anonymous_3)","decl":{"start":{"line":29,"column":48},"end":{"line":29,"column":49}},"loc":{"start":{"line":29,"column":60},"end":{"line":37,"column":5}},"line":29},"4":{"name":"(anonymous_4)","decl":{"start":{"line":39,"column":39},"end":{"line":39,"column":40}},"loc":{"start":{"line":39,"column":45},"end":{"line":71,"column":5}},"line":39},"5":{"name":"(anonymous_5)","decl":{"start":{"line":40,"column":44},"end":{"line":40,"column":45}},"loc":{"start":{"line":40,"column":56},"end":{"line":54,"column":9}},"line":40},"6":{"name":"(anonymous_6)","decl":{"start":{"line":56,"column":44},"end":{"line":56,"column":45}},"loc":{"start":{"line":56,"column":56},"end":{"line":70,"column":9}},"line":56},"7":{"name":"(anonymous_7)","decl":{"start":{"line":73,"column":98},"end":{"line":73,"column":99}},"loc":{"start":{"line":73,"column":104},"end":{"line":93,"column":5}},"line":73},"8":{"name":"(anonymous_8)","decl":{"start":{"line":74,"column":15},"end":{"line":74,"column":16}},"loc":{"start":{"line":74,"column":21},"end":{"line":74,"column":40}},"line":74},"9":{"name":"(anonymous_9)","decl":{"start":{"line":75,"column":15},"end":{"line":75,"column":16}},"loc":{"start":{"line":75,"column":21},"end":{"line":75,"column":43}},"line":75},"10":{"name":"(anonymous_10)","decl":{"start":{"line":76,"column":15},"end":{"line":76,"column":16}},"loc":{"start":{"line":76,"column":21},"end":{"line":76,"column":41}},"line":76},"11":{"name":"(anonymous_11)","decl":{"start":{"line":77,"column":15},"end":{"line":77,"column":16}},"loc":{"start":{"line":77,"column":21},"end":{"line":77,"column":41}},"line":77},"12":{"name":"(anonymous_12)","decl":{"start":{"line":78,"column":15},"end":{"line":78,"column":16}},"loc":{"start":{"line":78,"column":21},"end":{"line":78,"column":48}},"line":78},"13":{"name":"(anonymous_13)","decl":{"start":{"line":79,"column":15},"end":{"line":79,"column":16}},"loc":{"start":{"line":79,"column":21},"end":{"line":79,"column":43}},"line":79},"14":{"name":"(anonymous_14)","decl":{"start":{"line":81,"column":15},"end":{"line":81,"column":16}},"loc":{"start":{"line":81,"column":21},"end":{"line":81,"column":41}},"line":81},"15":{"name":"(anonymous_15)","decl":{"start":{"line":82,"column":15},"end":{"line":82,"column":16}},"loc":{"start":{"line":82,"column":21},"end":{"line":82,"column":46}},"line":82},"16":{"name":"(anonymous_16)","decl":{"start":{"line":84,"column":15},"end":{"line":84,"column":16}},"loc":{"start":{"line":84,"column":21},"end":{"line":84,"column":47}},"line":84},"17":{"name":"(anonymous_17)","decl":{"start":{"line":85,"column":15},"end":{"line":85,"column":16}},"loc":{"start":{"line":85,"column":21},"end":{"line":85,"column":50}},"line":85},"18":{"name":"(anonymous_18)","decl":{"start":{"line":86,"column":15},"end":{"line":86,"column":16}},"loc":{"start":{"line":86,"column":21},"end":{"line":86,"column":48}},"line":86},"19":{"name":"(anonymous_19)","decl":{"start":{"line":87,"column":15},"end":{"line":87,"column":16}},"loc":{"start":{"line":87,"column":21},"end":{"line":87,"column":48}},"line":87},"20":{"name":"(anonymous_20)","decl":{"start":{"line":88,"column":15},"end":{"line":88,"column":16}},"loc":{"start":{"line":88,"column":21},"end":{"line":88,"column":55}},"line":88},"21":{"name":"(anonymous_21)","decl":{"start":{"line":89,"column":15},"end":{"line":89,"column":16}},"loc":{"start":{"line":89,"column":21},"end":{"line":89,"column":50}},"line":89},"22":{"name":"(anonymous_22)","decl":{"start":{"line":91,"column":15},"end":{"line":91,"column":16}},"loc":{"start":{"line":91,"column":21},"end":{"line":91,"column":48}},"line":91},"23":{"name":"(anonymous_23)","decl":{"start":{"line":92,"column":15},"end":{"line":92,"column":16}},"loc":{"start":{"line":92,"column":21},"end":{"line":92,"column":53}},"line":92},"24":{"name":"(anonymous_24)","decl":{"start":{"line":95,"column":10},"end":{"line":95,"column":11}},"loc":{"start":{"line":95,"column":16},"end":{"line":95,"column":59}},"line":95}},"branchMap":{},"s":{"0":1,"1":1,"2":1,"3":1,"4":1,"5":1,"6":1,"7":1,"8":1,"9":1,"10":1,"11":1,"12":1,"13":1,"14":4,"15":4,"16":4,"17":4,"18":4,"19":4,"20":4,"21":4,"22":4,"23":1,"24":1,"25":1,"26":1,"27":1,"28":1,"29":1,"30":1,"31":1,"32":1,"33":1,"34":0,"35":1,"36":1,"37":1,"38":1,"39":1,"40":1,"41":1,"42":1,"43":0,"44":1,"45":1,"46":1,"47":1,"48":1,"49":1,"50":1,"51":1,"52":1,"53":1,"54":1,"55":1,"56":1,"57":1,"58":1,"59":1,"60":1,"61":1,"62":1,"63":1,"64":1,"65":1,"66":1,"67":1,"68":1,"69":1,"70":1,"71":1,"72":1,"73":1,"74":1,"75":1,"76":1,"77":1,"78":1,"79":1,"80":1,"81":1,"82":1},"f":{"0":1,"1":1,"2":4,"3":1,"4":1,"5":1,"6":1,"7":1,"8":1,"9":1,"10":1,"11":1,"12":1,"13":1,"14":1,"15":1,"16":1,"17":1,"18":1,"19":1,"20":1,"21":1,"22":1,"23":1,"24":1},"b":{},"_coverageSchema":"43e27e138ebf9cfc5966b082cf9a028302ed4184","hash":"e5a5d1cbe30189b219143862ffaa3122dd568f25","contentHash":"dc65c4246ca55221cb69262fb1e7c306daa691e1b023ea3e3ad1798a5ad57efc"},"/Users/Adri/bootcamp/collab/skylab-bootcamp-201909/staff/adri-campo/time2padel/time2padel-api/logic/authenticate-user/index.js":{"path":"/Users/Adri/bootcamp/collab/skylab-bootcamp-201909/staff/adri-campo/time2padel/time2padel-api/logic/authenticate-user/index.js","statementMap":{"0":{"start":{"line":1,"column":51},"end":{"line":1,"column":77}},"1":{"start":{"line":2,"column":29},"end":{"line":2,"column":55}},"2":{"start":{"line":3,"column":15},"end":{"line":3,"column":34}},"3":{"start":{"line":12,"column":0},"end":{"line":27,"column":1}},"4":{"start":{"line":13,"column":4},"end":{"line":13,"column":29}},"5":{"start":{"line":14,"column":4},"end":{"line":14,"column":49}},"6":{"start":{"line":15,"column":4},"end":{"line":15,"column":29}},"7":{"start":{"line":16,"column":4},"end":{"line":16,"column":49}},"8":{"start":{"line":18,"column":4},"end":{"line":26,"column":8}},"9":{"start":{"line":19,"column":21},"end":{"line":19,"column":53}},"10":{"start":{"line":20,"column":8},"end":{"line":20,"column":63}},"11":{"start":{"line":20,"column":19},"end":{"line":20,"column":63}},"12":{"start":{"line":22,"column":22},"end":{"line":22,"column":67}},"13":{"start":{"line":23,"column":8},"end":{"line":23,"column":64}},"14":{"start":{"line":23,"column":19},"end":{"line":23,"column":64}},"15":{"start":{"line":25,"column":8},"end":{"line":25,"column":22}}},"fnMap":{"0":{"name":"(anonymous_0)","decl":{"start":{"line":12,"column":17},"end":{"line":12,"column":18}},"loc":{"start":{"line":12,"column":47},"end":{"line":27,"column":1}},"line":12},"1":{"name":"(anonymous_1)","decl":{"start":{"line":18,"column":12},"end":{"line":18,"column":13}},"loc":{"start":{"line":18,"column":24},"end":{"line":26,"column":5}},"line":18}},"branchMap":{"0":{"loc":{"start":{"line":20,"column":8},"end":{"line":20,"column":63}},"type":"if","locations":[{"start":{"line":20,"column":8},"end":{"line":20,"column":63}},{"start":{"line":20,"column":8},"end":{"line":20,"column":63}}],"line":20},"1":{"loc":{"start":{"line":23,"column":8},"end":{"line":23,"column":64}},"type":"if","locations":[{"start":{"line":23,"column":8},"end":{"line":23,"column":64}},{"start":{"line":23,"column":8},"end":{"line":23,"column":64}}],"line":23}},"s":{"0":1,"1":1,"2":1,"3":1,"4":19,"5":13,"6":11,"7":5,"8":3,"9":3,"10":3,"11":1,"12":2,"13":2,"14":1,"15":1},"f":{"0":19,"1":3},"b":{"0":[1,2],"1":[1,1]},"_coverageSchema":"43e27e138ebf9cfc5966b082cf9a028302ed4184","hash":"04358298f5dd50d53fed7a59707b4ad56580f7bd","contentHash":"f9fc4878e435aa47af0d547251ae84df70276c1d4fef0388c3b15dc3c24e73a8"},"/Users/Adri/bootcamp/collab/skylab-bootcamp-201909/staff/adri-campo/time2padel/time2padel-api/logic/create-league/index.spec.js":{"path":"/Users/Adri/bootcamp/collab/skylab-bootcamp-201909/staff/adri-campo/time2padel/time2padel-api/logic/create-league/index.spec.js","statementMap":{"0":{"start":{"line":1,"column":0},"end":{"line":1,"column":24}},"1":{"start":{"line":2,"column":33},"end":{"line":2,"column":40}},"2":{"start":{"line":3,"column":19},"end":{"line":3,"column":34}},"3":{"start":{"line":4,"column":21},"end":{"line":4,"column":33}},"4":{"start":{"line":5,"column":26},"end":{"line":5,"column":30}},"5":{"start":{"line":6,"column":41},"end":{"line":6,"column":67}},"6":{"start":{"line":7,"column":37},"end":{"line":7,"column":63}},"7":{"start":{"line":9,"column":0},"end":{"line":70,"column":2}},"8":{"start":{"line":10,"column":4},"end":{"line":10,"column":47}},"9":{"start":{"line":10,"column":17},"end":{"line":10,"column":46}},"10":{"start":{"line":14,"column":4},"end":{"line":14,"column":47}},"11":{"start":{"line":15,"column":4},"end":{"line":15,"column":36}},"12":{"start":{"line":17,"column":4},"end":{"line":17,"column":32}},"13":{"start":{"line":18,"column":4},"end":{"line":18,"column":37}},"14":{"start":{"line":20,"column":4},"end":{"line":20,"column":68}},"15":{"start":{"line":21,"column":4},"end":{"line":21,"column":36}},"16":{"start":{"line":23,"column":4},"end":{"line":23,"column":84}},"17":{"start":{"line":24,"column":4},"end":{"line":24,"column":36}},"18":{"start":{"line":27,"column":4},"end":{"line":35,"column":6}},"19":{"start":{"line":28,"column":8},"end":{"line":28,"column":34}},"20":{"start":{"line":29,"column":8},"end":{"line":29,"column":37}},"21":{"start":{"line":30,"column":8},"end":{"line":30,"column":32}},"22":{"start":{"line":31,"column":8},"end":{"line":31,"column":32}},"23":{"start":{"line":33,"column":8},"end":{"line":33,"column":34}},"24":{"start":{"line":37,"column":4},"end":{"line":50,"column":6}},"25":{"start":{"line":38,"column":25},"end":{"line":38,"column":70}},"26":{"start":{"line":39,"column":8},"end":{"line":39,"column":37}},"27":{"start":{"line":42,"column":23},"end":{"line":42,"column":75}},"28":{"start":{"line":44,"column":8},"end":{"line":44,"column":31}},"29":{"start":{"line":45,"column":8},"end":{"line":45,"column":44}},"30":{"start":{"line":46,"column":8},"end":{"line":46,"column":46}},"31":{"start":{"line":47,"column":8},"end":{"line":47,"column":42}},"32":{"start":{"line":48,"column":8},"end":{"line":48,"column":42}},"33":{"start":{"line":52,"column":4},"end":{"line":67,"column":6}},"34":{"start":{"line":53,"column":24},"end":{"line":53,"column":74}},"35":{"start":{"line":55,"column":8},"end":{"line":66,"column":9}},"36":{"start":{"line":56,"column":12},"end":{"line":56,"column":57}},"37":{"start":{"line":58,"column":12},"end":{"line":58,"column":54}},"38":{"start":{"line":60,"column":12},"end":{"line":60,"column":34}},"39":{"start":{"line":62,"column":12},"end":{"line":62,"column":42}},"40":{"start":{"line":63,"column":12},"end":{"line":63,"column":59}},"41":{"start":{"line":64,"column":12},"end":{"line":64,"column":61}},"42":{"start":{"line":65,"column":12},"end":{"line":65,"column":72}},"43":{"start":{"line":69,"column":4},"end":{"line":69,"column":62}},"44":{"start":{"line":69,"column":16},"end":{"line":69,"column":61}}},"fnMap":{"0":{"name":"(anonymous_0)","decl":{"start":{"line":9,"column":34},"end":{"line":9,"column":35}},"loc":{"start":{"line":9,"column":40},"end":{"line":70,"column":1}},"line":9},"1":{"name":"(anonymous_1)","decl":{"start":{"line":10,"column":11},"end":{"line":10,"column":12}},"loc":{"start":{"line":10,"column":17},"end":{"line":10,"column":46}},"line":10},"2":{"name":"(anonymous_2)","decl":{"start":{"line":27,"column":15},"end":{"line":27,"column":16}},"loc":{"start":{"line":27,"column":21},"end":{"line":35,"column":5}},"line":27},"3":{"name":"(anonymous_3)","decl":{"start":{"line":37,"column":48},"end":{"line":37,"column":49}},"loc":{"start":{"line":37,"column":60},"end":{"line":50,"column":5}},"line":37},"4":{"name":"(anonymous_4)","decl":{"start":{"line":52,"column":49},"end":{"line":52,"column":50}},"loc":{"start":{"line":52,"column":61},"end":{"line":67,"column":5}},"line":52},"5":{"name":"(anonymous_5)","decl":{"start":{"line":69,"column":10},"end":{"line":69,"column":11}},"loc":{"start":{"line":69,"column":16},"end":{"line":69,"column":61}},"line":69}},"branchMap":{},"s":{"0":1,"1":1,"2":1,"3":1,"4":1,"5":1,"6":1,"7":1,"8":1,"9":1,"10":1,"11":1,"12":1,"13":1,"14":1,"15":1,"16":1,"17":1,"18":1,"19":2,"20":2,"21":2,"22":2,"23":2,"24":1,"25":1,"26":1,"27":1,"28":1,"29":1,"30":1,"31":1,"32":1,"33":1,"34":1,"35":1,"36":1,"37":0,"38":1,"39":1,"40":1,"41":1,"42":1,"43":1,"44":1},"f":{"0":1,"1":1,"2":2,"3":1,"4":1,"5":1},"b":{},"_coverageSchema":"43e27e138ebf9cfc5966b082cf9a028302ed4184","hash":"c62d1758cff48b3583bd811f48d203c7c36aabe8","contentHash":"28e958311c7291e1f4e1f07c5057a929f9a33ba4a0195a12248a9e66f3b17892"},"/Users/Adri/bootcamp/collab/skylab-bootcamp-201909/staff/adri-campo/time2padel/time2padel-api/logic/create-league/index.js":{"path":"/Users/Adri/bootcamp/collab/skylab-bootcamp-201909/staff/adri-campo/time2padel/time2padel-api/logic/create-league/index.js","statementMap":{"0":{"start":{"line":1,"column":48},"end":{"line":1,"column":74}},"1":{"start":{"line":2,"column":31},"end":{"line":2,"column":57}},"2":{"start":{"line":5,"column":0},"end":{"line":37,"column":1}},"3":{"start":{"line":6,"column":4},"end":{"line":6,"column":26}},"4":{"start":{"line":7,"column":4},"end":{"line":7,"column":43}},"5":{"start":{"line":9,"column":4},"end":{"line":9,"column":27}},"6":{"start":{"line":10,"column":4},"end":{"line":10,"column":45}},"7":{"start":{"line":12,"column":4},"end":{"line":12,"column":25}},"8":{"start":{"line":13,"column":4},"end":{"line":13,"column":41}},"9":{"start":{"line":15,"column":4},"end":{"line":15,"column":25}},"10":{"start":{"line":16,"column":4},"end":{"line":16,"column":41}},"11":{"start":{"line":18,"column":4},"end":{"line":36,"column":8}},"12":{"start":{"line":19,"column":23},"end":{"line":19,"column":74}},"13":{"start":{"line":21,"column":8},"end":{"line":21,"column":73}},"14":{"start":{"line":21,"column":20},"end":{"line":21,"column":73}},"15":{"start":{"line":23,"column":8},"end":{"line":23,"column":58}}},"fnMap":{"0":{"name":"(anonymous_0)","decl":{"start":{"line":5,"column":17},"end":{"line":5,"column":18}},"loc":{"start":{"line":5,"column":54},"end":{"line":37,"column":1}},"line":5},"1":{"name":"(anonymous_1)","decl":{"start":{"line":18,"column":12},"end":{"line":18,"column":13}},"loc":{"start":{"line":18,"column":24},"end":{"line":36,"column":5}},"line":18}},"branchMap":{"0":{"loc":{"start":{"line":21,"column":8},"end":{"line":21,"column":73}},"type":"if","locations":[{"start":{"line":21,"column":8},"end":{"line":21,"column":73}},{"start":{"line":21,"column":8},"end":{"line":21,"column":73}}],"line":21}},"s":{"0":1,"1":1,"2":1,"3":2,"4":2,"5":2,"6":2,"7":2,"8":2,"9":2,"10":2,"11":2,"12":2,"13":2,"14":1,"15":1},"f":{"0":2,"1":2},"b":{"0":[1,1]},"_coverageSchema":"43e27e138ebf9cfc5966b082cf9a028302ed4184","hash":"dc148b2c7ef302792cb23706b39a5928ae09cc6c","contentHash":"fb54d6f81d04875d2c4a6c87964b43a9594691575d272748a512107e3c8fe547"},"/Users/Adri/bootcamp/collab/skylab-bootcamp-201909/staff/adri-campo/time2padel/time2padel-api/logic/create-team/index.spec.js":{"path":"/Users/Adri/bootcamp/collab/skylab-bootcamp-201909/staff/adri-campo/time2padel/time2padel-api/logic/create-team/index.spec.js","statementMap":{"0":{"start":{"line":1,"column":0},"end":{"line":1,"column":24}},"1":{"start":{"line":2,"column":33},"end":{"line":2,"column":40}},"2":{"start":{"line":3,"column":19},"end":{"line":3,"column":34}},"3":{"start":{"line":4,"column":19},"end":{"line":4,"column":31}},"4":{"start":{"line":5,"column":19},"end":{"line":5,"column":23}},"5":{"start":{"line":6,"column":45},"end":{"line":6,"column":71}},"6":{"start":{"line":7,"column":37},"end":{"line":7,"column":63}},"7":{"start":{"line":9,"column":0},"end":{"line":64,"column":2}},"8":{"start":{"line":10,"column":4},"end":{"line":10,"column":47}},"9":{"start":{"line":10,"column":17},"end":{"line":10,"column":46}},"10":{"start":{"line":14,"column":4},"end":{"line":25,"column":6}},"11":{"start":{"line":15,"column":8},"end":{"line":15,"column":65}},"12":{"start":{"line":17,"column":19},"end":{"line":17,"column":106}},"13":{"start":{"line":18,"column":19},"end":{"line":18,"column":106}},"14":{"start":{"line":19,"column":8},"end":{"line":19,"column":35}},"15":{"start":{"line":20,"column":8},"end":{"line":20,"column":19}},"16":{"start":{"line":21,"column":8},"end":{"line":21,"column":30}},"17":{"start":{"line":22,"column":8},"end":{"line":22,"column":33}},"18":{"start":{"line":23,"column":8},"end":{"line":23,"column":35}},"19":{"start":{"line":24,"column":8},"end":{"line":24,"column":26}},"20":{"start":{"line":27,"column":4},"end":{"line":43,"column":6}},"21":{"start":{"line":29,"column":22},"end":{"line":29,"column":46}},"22":{"start":{"line":30,"column":22},"end":{"line":30,"column":56}},"23":{"start":{"line":32,"column":23},"end":{"line":32,"column":61}},"24":{"start":{"line":33,"column":8},"end":{"line":33,"column":35}},"25":{"start":{"line":36,"column":21},"end":{"line":36,"column":70}},"26":{"start":{"line":38,"column":8},"end":{"line":38,"column":29}},"27":{"start":{"line":39,"column":8},"end":{"line":39,"column":42}},"28":{"start":{"line":40,"column":8},"end":{"line":40,"column":60}},"29":{"start":{"line":41,"column":8},"end":{"line":41,"column":60}},"30":{"start":{"line":45,"column":4},"end":{"line":61,"column":6}},"31":{"start":{"line":46,"column":22},"end":{"line":46,"column":46}},"32":{"start":{"line":47,"column":22},"end":{"line":47,"column":56}},"33":{"start":{"line":48,"column":22},"end":{"line":48,"column":89}},"34":{"start":{"line":49,"column":8},"end":{"line":60,"column":9}},"35":{"start":{"line":50,"column":12},"end":{"line":50,"column":50}},"36":{"start":{"line":52,"column":12},"end":{"line":52,"column":54}},"37":{"start":{"line":54,"column":12},"end":{"line":54,"column":34}},"38":{"start":{"line":56,"column":12},"end":{"line":56,"column":42}},"39":{"start":{"line":57,"column":12},"end":{"line":57,"column":59}},"40":{"start":{"line":58,"column":12},"end":{"line":58,"column":61}},"41":{"start":{"line":59,"column":12},"end":{"line":59,"column":80}},"42":{"start":{"line":63,"column":4},"end":{"line":63,"column":94}},"43":{"start":{"line":63,"column":16},"end":{"line":63,"column":93}}},"fnMap":{"0":{"name":"(anonymous_0)","decl":{"start":{"line":9,"column":32},"end":{"line":9,"column":33}},"loc":{"start":{"line":9,"column":38},"end":{"line":64,"column":1}},"line":9},"1":{"name":"(anonymous_1)","decl":{"start":{"line":10,"column":11},"end":{"line":10,"column":12}},"loc":{"start":{"line":10,"column":17},"end":{"line":10,"column":46}},"line":10},"2":{"name":"(anonymous_2)","decl":{"start":{"line":14,"column":15},"end":{"line":14,"column":16}},"loc":{"start":{"line":14,"column":27},"end":{"line":25,"column":5}},"line":14},"3":{"name":"(anonymous_3)","decl":{"start":{"line":27,"column":46},"end":{"line":27,"column":47}},"loc":{"start":{"line":27,"column":58},"end":{"line":43,"column":5}},"line":27},"4":{"name":"(anonymous_4)","decl":{"start":{"line":45,"column":47},"end":{"line":45,"column":48}},"loc":{"start":{"line":45,"column":59},"end":{"line":61,"column":5}},"line":45},"5":{"name":"(anonymous_5)","decl":{"start":{"line":63,"column":10},"end":{"line":63,"column":11}},"loc":{"start":{"line":63,"column":16},"end":{"line":63,"column":93}},"line":63}},"branchMap":{},"s":{"0":1,"1":1,"2":1,"3":1,"4":1,"5":1,"6":1,"7":1,"8":1,"9":1,"10":1,"11":2,"12":2,"13":2,"14":2,"15":2,"16":2,"17":2,"18":2,"19":2,"20":1,"21":1,"22":1,"23":1,"24":1,"25":1,"26":1,"27":1,"28":1,"29":1,"30":1,"31":1,"32":1,"33":1,"34":1,"35":1,"36":0,"37":1,"38":1,"39":1,"40":1,"41":1,"42":1,"43":1},"f":{"0":1,"1":1,"2":2,"3":1,"4":1,"5":1},"b":{},"_coverageSchema":"43e27e138ebf9cfc5966b082cf9a028302ed4184","hash":"f98bf694fc081c7000ccaf726127f7e13116543d","contentHash":"1732134d6afe2bdc1251029e20e391ac7803f2f6b4a6621b81de96e373989d9a"},"/Users/Adri/bootcamp/collab/skylab-bootcamp-201909/staff/adri-campo/time2padel/time2padel-api/logic/create-team/index.js":{"path":"/Users/Adri/bootcamp/collab/skylab-bootcamp-201909/staff/adri-campo/time2padel/time2padel-api/logic/create-team/index.js","statementMap":{"0":{"start":{"line":1,"column":63},"end":{"line":1,"column":89}},"1":{"start":{"line":2,"column":35},"end":{"line":2,"column":61}},"2":{"start":{"line":6,"column":0},"end":{"line":49,"column":1}},"3":{"start":{"line":7,"column":4},"end":{"line":7,"column":23}},"4":{"start":{"line":8,"column":4},"end":{"line":8,"column":37}},"5":{"start":{"line":10,"column":4},"end":{"line":10,"column":29}},"6":{"start":{"line":11,"column":4},"end":{"line":11,"column":49}},"7":{"start":{"line":13,"column":4},"end":{"line":13,"column":26}},"8":{"start":{"line":14,"column":4},"end":{"line":14,"column":43}},"9":{"start":{"line":17,"column":4},"end":{"line":48,"column":8}},"10":{"start":{"line":18,"column":26},"end":{"line":18,"column":49}},"11":{"start":{"line":19,"column":12},"end":{"line":19,"column":100}},"12":{"start":{"line":19,"column":25},"end":{"line":19,"column":100}},"13":{"start":{"line":20,"column":30},"end":{"line":20,"column":41}},"14":{"start":{"line":22,"column":26},"end":{"line":22,"column":60}},"15":{"start":{"line":23,"column":12},"end":{"line":23,"column":95}},"16":{"start":{"line":23,"column":36},"end":{"line":23,"column":95}},"17":{"start":{"line":24,"column":12},"end":{"line":24,"column":100}},"18":{"start":{"line":24,"column":25},"end":{"line":24,"column":100}},"19":{"start":{"line":25,"column":30},"end":{"line":25,"column":41}},"20":{"start":{"line":27,"column":34},"end":{"line":27,"column":103}},"21":{"start":{"line":28,"column":12},"end":{"line":28,"column":100}},"22":{"start":{"line":28,"column":31},"end":{"line":28,"column":100}},"23":{"start":{"line":29,"column":25},"end":{"line":29,"column":112}},"24":{"start":{"line":31,"column":33},"end":{"line":31,"column":65}},"25":{"start":{"line":32,"column":33},"end":{"line":32,"column":65}},"26":{"start":{"line":34,"column":12},"end":{"line":38,"column":13}},"27":{"start":{"line":35,"column":16},"end":{"line":35,"column":43}},"28":{"start":{"line":37,"column":16},"end":{"line":37,"column":53}},"29":{"start":{"line":39,"column":12},"end":{"line":39,"column":32}},"30":{"start":{"line":41,"column":12},"end":{"line":45,"column":13}},"31":{"start":{"line":42,"column":16},"end":{"line":42,"column":43}},"32":{"start":{"line":44,"column":16},"end":{"line":44,"column":53}},"33":{"start":{"line":46,"column":12},"end":{"line":46,"column":32}}},"fnMap":{"0":{"name":"(anonymous_0)","decl":{"start":{"line":6,"column":17},"end":{"line":6,"column":18}},"loc":{"start":{"line":6,"column":48},"end":{"line":49,"column":1}},"line":6},"1":{"name":"(anonymous_1)","decl":{"start":{"line":17,"column":12},"end":{"line":17,"column":13}},"loc":{"start":{"line":17,"column":24},"end":{"line":48,"column":5}},"line":17}},"branchMap":{"0":{"loc":{"start":{"line":19,"column":12},"end":{"line":19,"column":100}},"type":"if","locations":[{"start":{"line":19,"column":12},"end":{"line":19,"column":100}},{"start":{"line":19,"column":12},"end":{"line":19,"column":100}}],"line":19},"1":{"loc":{"start":{"line":23,"column":12},"end":{"line":23,"column":95}},"type":"if","locations":[{"start":{"line":23,"column":12},"end":{"line":23,"column":95}},{"start":{"line":23,"column":12},"end":{"line":23,"column":95}}],"line":23},"2":{"loc":{"start":{"line":24,"column":12},"end":{"line":24,"column":100}},"type":"if","locations":[{"start":{"line":24,"column":12},"end":{"line":24,"column":100}},{"start":{"line":24,"column":12},"end":{"line":24,"column":100}}],"line":24},"3":{"loc":{"start":{"line":28,"column":12},"end":{"line":28,"column":100}},"type":"if","locations":[{"start":{"line":28,"column":12},"end":{"line":28,"column":100}},{"start":{"line":28,"column":12},"end":{"line":28,"column":100}}],"line":28},"4":{"loc":{"start":{"line":34,"column":12},"end":{"line":38,"column":13}},"type":"if","locations":[{"start":{"line":34,"column":12},"end":{"line":38,"column":13}},{"start":{"line":34,"column":12},"end":{"line":38,"column":13}}],"line":34},"5":{"loc":{"start":{"line":41,"column":12},"end":{"line":45,"column":13}},"type":"if","locations":[{"start":{"line":41,"column":12},"end":{"line":45,"column":13}},{"start":{"line":41,"column":12},"end":{"line":45,"column":13}}],"line":41}},"s":{"0":1,"1":1,"2":1,"3":2,"4":2,"5":2,"6":2,"7":2,"8":2,"9":2,"10":2,"11":2,"12":0,"13":2,"14":2,"15":2,"16":0,"17":2,"18":0,"19":2,"20":2,"21":2,"22":1,"23":1,"24":1,"25":1,"26":1,"27":1,"28":0,"29":1,"30":1,"31":1,"32":0,"33":1},"f":{"0":2,"1":2},"b":{"0":[0,2],"1":[0,2],"2":[0,2],"3":[1,1],"4":[1,0],"5":[1,0]},"_coverageSchema":"43e27e138ebf9cfc5966b082cf9a028302ed4184","hash":"f00f47f99a850425a7d2124f4aaab592d2152134","contentHash":"8ad5d2124c90d3e94d57fd51be9ca7569ef2da19793157c39429cdf5915ff741"},"/Users/Adri/bootcamp/collab/skylab-bootcamp-201909/staff/adri-campo/time2padel/time2padel-api/logic/delete-league/index.spec.js":{"path":"/Users/Adri/bootcamp/collab/skylab-bootcamp-201909/staff/adri-campo/time2padel/time2padel-api/logic/delete-league/index.spec.js","statementMap":{"0":{"start":{"line":1,"column":0},"end":{"line":1,"column":26}},"1":{"start":{"line":2,"column":33},"end":{"line":2,"column":40}},"2":{"start":{"line":3,"column":19},"end":{"line":3,"column":34}},"3":{"start":{"line":4,"column":21},"end":{"line":4,"column":33}},"4":{"start":{"line":5,"column":26},"end":{"line":5,"column":30}},"5":{"start":{"line":6,"column":53},"end":{"line":6,"column":79}},"6":{"start":{"line":7,"column":51},"end":{"line":7,"column":77}},"7":{"start":{"line":9,"column":0},"end":{"line":66,"column":2}},"8":{"start":{"line":10,"column":4},"end":{"line":10,"column":47}},"9":{"start":{"line":10,"column":17},"end":{"line":10,"column":46}},"10":{"start":{"line":14,"column":4},"end":{"line":14,"column":47}},"11":{"start":{"line":15,"column":4},"end":{"line":15,"column":36}},"12":{"start":{"line":17,"column":4},"end":{"line":17,"column":32}},"13":{"start":{"line":18,"column":4},"end":{"line":18,"column":37}},"14":{"start":{"line":20,"column":4},"end":{"line":20,"column":68}},"15":{"start":{"line":21,"column":4},"end":{"line":21,"column":36}},"16":{"start":{"line":23,"column":4},"end":{"line":23,"column":84}},"17":{"start":{"line":24,"column":4},"end":{"line":24,"column":36}},"18":{"start":{"line":27,"column":4},"end":{"line":39,"column":6}},"19":{"start":{"line":28,"column":8},"end":{"line":28,"column":34}},"20":{"start":{"line":29,"column":8},"end":{"line":29,"column":37}},"21":{"start":{"line":30,"column":8},"end":{"line":30,"column":32}},"22":{"start":{"line":31,"column":8},"end":{"line":31,"column":32}},"23":{"start":{"line":33,"column":8},"end":{"line":33,"column":33}},"24":{"start":{"line":35,"column":23},"end":{"line":35,"column":73}},"25":{"start":{"line":37,"column":8},"end":{"line":37,"column":22}},"26":{"start":{"line":41,"column":4},"end":{"line":48,"column":6}},"27":{"start":{"line":42,"column":8},"end":{"line":42,"column":30}},"28":{"start":{"line":44,"column":23},"end":{"line":44,"column":48}},"29":{"start":{"line":46,"column":8},"end":{"line":46,"column":35}},"30":{"start":{"line":51,"column":4},"end":{"line":63,"column":6}},"31":{"start":{"line":52,"column":19},"end":{"line":52,"column":45}},"32":{"start":{"line":54,"column":8},"end":{"line":62,"column":9}},"33":{"start":{"line":55,"column":12},"end":{"line":55,"column":34}},"34":{"start":{"line":56,"column":12},"end":{"line":56,"column":54}},"35":{"start":{"line":59,"column":12},"end":{"line":59,"column":34}},"36":{"start":{"line":60,"column":12},"end":{"line":60,"column":60}},"37":{"start":{"line":61,"column":12},"end":{"line":61,"column":81}},"38":{"start":{"line":65,"column":4},"end":{"line":65,"column":62}},"39":{"start":{"line":65,"column":16},"end":{"line":65,"column":61}}},"fnMap":{"0":{"name":"(anonymous_0)","decl":{"start":{"line":9,"column":34},"end":{"line":9,"column":35}},"loc":{"start":{"line":9,"column":40},"end":{"line":66,"column":1}},"line":9},"1":{"name":"(anonymous_1)","decl":{"start":{"line":10,"column":11},"end":{"line":10,"column":12}},"loc":{"start":{"line":10,"column":17},"end":{"line":10,"column":46}},"line":10},"2":{"name":"(anonymous_2)","decl":{"start":{"line":27,"column":15},"end":{"line":27,"column":16}},"loc":{"start":{"line":27,"column":27},"end":{"line":39,"column":5}},"line":27},"3":{"name":"(anonymous_3)","decl":{"start":{"line":41,"column":41},"end":{"line":41,"column":42}},"loc":{"start":{"line":41,"column":53},"end":{"line":48,"column":5}},"line":41},"4":{"name":"(anonymous_4)","decl":{"start":{"line":51,"column":57},"end":{"line":51,"column":58}},"loc":{"start":{"line":51,"column":69},"end":{"line":63,"column":5}},"line":51},"5":{"name":"(anonymous_5)","decl":{"start":{"line":65,"column":10},"end":{"line":65,"column":11}},"loc":{"start":{"line":65,"column":16},"end":{"line":65,"column":61}},"line":65}},"branchMap":{},"s":{"0":1,"1":1,"2":1,"3":1,"4":1,"5":1,"6":1,"7":1,"8":1,"9":1,"10":1,"11":1,"12":1,"13":1,"14":1,"15":1,"16":1,"17":1,"18":1,"19":2,"20":2,"21":2,"22":2,"23":2,"24":2,"25":2,"26":1,"27":1,"28":1,"29":1,"30":1,"31":1,"32":1,"33":1,"34":0,"35":1,"36":1,"37":1,"38":1,"39":1},"f":{"0":1,"1":1,"2":2,"3":1,"4":1,"5":1},"b":{},"_coverageSchema":"43e27e138ebf9cfc5966b082cf9a028302ed4184","hash":"5aec3a4a823b667555d51677c007364c33bcc4b2","contentHash":"ab1a985e90127664f74d9f3f579edf2483a03bf122c958fae7c017dc7605361f"},"/Users/Adri/bootcamp/collab/skylab-bootcamp-201909/staff/adri-campo/time2padel/time2padel-api/logic/delete-league/index.js":{"path":"/Users/Adri/bootcamp/collab/skylab-bootcamp-201909/staff/adri-campo/time2padel/time2padel-api/logic/delete-league/index.js","statementMap":{"0":{"start":{"line":1,"column":77},"end":{"line":1,"column":103}},"1":{"start":{"line":2,"column":41},"end":{"line":2,"column":67}},"2":{"start":{"line":4,"column":0},"end":{"line":16,"column":1}},"3":{"start":{"line":5,"column":4},"end":{"line":5,"column":29}},"4":{"start":{"line":6,"column":4},"end":{"line":6,"column":80}},"5":{"start":{"line":6,"column":31},"end":{"line":6,"column":80}},"6":{"start":{"line":8,"column":4},"end":{"line":15,"column":8}},"7":{"start":{"line":9,"column":23},"end":{"line":9,"column":48}},"8":{"start":{"line":11,"column":8},"end":{"line":11,"column":83}},"9":{"start":{"line":11,"column":21},"end":{"line":11,"column":83}},"10":{"start":{"line":13,"column":8},"end":{"line":13,"column":43}}},"fnMap":{"0":{"name":"(anonymous_0)","decl":{"start":{"line":4,"column":17},"end":{"line":4,"column":18}},"loc":{"start":{"line":4,"column":31},"end":{"line":16,"column":1}},"line":4},"1":{"name":"(anonymous_1)","decl":{"start":{"line":8,"column":12},"end":{"line":8,"column":13}},"loc":{"start":{"line":8,"column":24},"end":{"line":15,"column":5}},"line":8}},"branchMap":{"0":{"loc":{"start":{"line":6,"column":4},"end":{"line":6,"column":80}},"type":"if","locations":[{"start":{"line":6,"column":4},"end":{"line":6,"column":80}},{"start":{"line":6,"column":4},"end":{"line":6,"column":80}}],"line":6},"1":{"loc":{"start":{"line":11,"column":8},"end":{"line":11,"column":83}},"type":"if","locations":[{"start":{"line":11,"column":8},"end":{"line":11,"column":83}},{"start":{"line":11,"column":8},"end":{"line":11,"column":83}}],"line":11}},"s":{"0":1,"1":1,"2":1,"3":2,"4":2,"5":0,"6":2,"7":2,"8":2,"9":1,"10":1},"f":{"0":2,"1":2},"b":{"0":[0,2],"1":[1,1]},"_coverageSchema":"43e27e138ebf9cfc5966b082cf9a028302ed4184","hash":"17ed1264080fbd64e0b1d62e335dcd8b692333b3","contentHash":"f5130fb33816842f7f875ae93947b9a98fc8b01d282a208e180ed0a0ad029ac1"},"/Users/Adri/bootcamp/collab/skylab-bootcamp-201909/staff/adri-campo/time2padel/time2padel-api/logic/delete-team/index.spec.js":{"path":"/Users/Adri/bootcamp/collab/skylab-bootcamp-201909/staff/adri-campo/time2padel/time2padel-api/logic/delete-team/index.spec.js","statementMap":{"0":{"start":{"line":1,"column":0},"end":{"line":1,"column":26}},"1":{"start":{"line":2,"column":33},"end":{"line":2,"column":40}},"2":{"start":{"line":3,"column":19},"end":{"line":3,"column":34}},"3":{"start":{"line":4,"column":19},"end":{"line":4,"column":31}},"4":{"start":{"line":5,"column":26},"end":{"line":5,"column":30}},"5":{"start":{"line":6,"column":53},"end":{"line":6,"column":79}},"6":{"start":{"line":7,"column":55},"end":{"line":7,"column":81}},"7":{"start":{"line":9,"column":0},"end":{"line":57,"column":2}},"8":{"start":{"line":10,"column":4},"end":{"line":10,"column":47}},"9":{"start":{"line":10,"column":17},"end":{"line":10,"column":46}},"10":{"start":{"line":13,"column":4},"end":{"line":13,"column":38}},"11":{"start":{"line":14,"column":4},"end":{"line":14,"column":30}},"12":{"start":{"line":16,"column":4},"end":{"line":30,"column":6}},"13":{"start":{"line":17,"column":19},"end":{"line":17,"column":114}},"14":{"start":{"line":18,"column":19},"end":{"line":18,"column":114}},"15":{"start":{"line":19,"column":8},"end":{"line":19,"column":35}},"16":{"start":{"line":20,"column":8},"end":{"line":20,"column":23}},"17":{"start":{"line":21,"column":8},"end":{"line":21,"column":23}},"18":{"start":{"line":22,"column":8},"end":{"line":22,"column":33}},"19":{"start":{"line":23,"column":8},"end":{"line":23,"column":35}},"20":{"start":{"line":24,"column":8},"end":{"line":24,"column":32}},"21":{"start":{"line":26,"column":8},"end":{"line":26,"column":65}},"22":{"start":{"line":28,"column":21},"end":{"line":28,"column":88}},"23":{"start":{"line":29,"column":8},"end":{"line":29,"column":20}},"24":{"start":{"line":32,"column":4},"end":{"line":39,"column":6}},"25":{"start":{"line":33,"column":8},"end":{"line":33,"column":28}},"26":{"start":{"line":35,"column":21},"end":{"line":35,"column":44}},"27":{"start":{"line":37,"column":8},"end":{"line":37,"column":33}},"28":{"start":{"line":42,"column":4},"end":{"line":54,"column":6}},"29":{"start":{"line":43,"column":19},"end":{"line":43,"column":45}},"30":{"start":{"line":45,"column":8},"end":{"line":53,"column":9}},"31":{"start":{"line":46,"column":12},"end":{"line":46,"column":32}},"32":{"start":{"line":47,"column":12},"end":{"line":47,"column":54}},"33":{"start":{"line":50,"column":12},"end":{"line":50,"column":34}},"34":{"start":{"line":51,"column":12},"end":{"line":51,"column":60}},"35":{"start":{"line":52,"column":12},"end":{"line":52,"column":60}},"36":{"start":{"line":56,"column":4},"end":{"line":56,"column":94}},"37":{"start":{"line":56,"column":16},"end":{"line":56,"column":93}}},"fnMap":{"0":{"name":"(anonymous_0)","decl":{"start":{"line":9,"column":32},"end":{"line":9,"column":33}},"loc":{"start":{"line":9,"column":38},"end":{"line":57,"column":1}},"line":9},"1":{"name":"(anonymous_1)","decl":{"start":{"line":10,"column":11},"end":{"line":10,"column":12}},"loc":{"start":{"line":10,"column":17},"end":{"line":10,"column":46}},"line":10},"2":{"name":"(anonymous_2)","decl":{"start":{"line":16,"column":15},"end":{"line":16,"column":16}},"loc":{"start":{"line":16,"column":27},"end":{"line":30,"column":5}},"line":16},"3":{"name":"(anonymous_3)","decl":{"start":{"line":32,"column":41},"end":{"line":32,"column":42}},"loc":{"start":{"line":32,"column":53},"end":{"line":39,"column":5}},"line":32},"4":{"name":"(anonymous_4)","decl":{"start":{"line":42,"column":57},"end":{"line":42,"column":58}},"loc":{"start":{"line":42,"column":69},"end":{"line":54,"column":5}},"line":42},"5":{"name":"(anonymous_5)","decl":{"start":{"line":56,"column":10},"end":{"line":56,"column":11}},"loc":{"start":{"line":56,"column":16},"end":{"line":56,"column":93}},"line":56}},"branchMap":{},"s":{"0":1,"1":1,"2":1,"3":1,"4":1,"5":1,"6":1,"7":1,"8":1,"9":1,"10":1,"11":1,"12":1,"13":2,"14":2,"15":2,"16":2,"17":2,"18":2,"19":2,"20":2,"21":2,"22":2,"23":2,"24":1,"25":1,"26":1,"27":1,"28":1,"29":1,"30":1,"31":1,"32":0,"33":1,"34":1,"35":1,"36":1,"37":1},"f":{"0":1,"1":1,"2":2,"3":1,"4":1,"5":1},"b":{},"_coverageSchema":"43e27e138ebf9cfc5966b082cf9a028302ed4184","hash":"ca6028ef873b23171267dcd94c2f18d2f170ccf3","contentHash":"473b90252d1b01aabbd5834ed0f456637798afcca9d33db7ea8d9409b7d8c23a"},"/Users/Adri/bootcamp/collab/skylab-bootcamp-201909/staff/adri-campo/time2padel/time2padel-api/logic/delete-team/index.js":{"path":"/Users/Adri/bootcamp/collab/skylab-bootcamp-201909/staff/adri-campo/time2padel/time2padel-api/logic/delete-team/index.js","statementMap":{"0":{"start":{"line":1,"column":77},"end":{"line":1,"column":103}},"1":{"start":{"line":2,"column":39},"end":{"line":2,"column":65}},"2":{"start":{"line":4,"column":0},"end":{"line":15,"column":1}},"3":{"start":{"line":5,"column":4},"end":{"line":5,"column":37}},"4":{"start":{"line":6,"column":4},"end":{"line":6,"column":88}},"5":{"start":{"line":6,"column":35},"end":{"line":6,"column":88}},"6":{"start":{"line":8,"column":4},"end":{"line":14,"column":8}},"7":{"start":{"line":9,"column":21},"end":{"line":9,"column":48}},"8":{"start":{"line":10,"column":8},"end":{"line":10,"column":60}},"9":{"start":{"line":10,"column":19},"end":{"line":10,"column":60}},"10":{"start":{"line":12,"column":8},"end":{"line":12,"column":45}}},"fnMap":{"0":{"name":"(anonymous_0)","decl":{"start":{"line":4,"column":17},"end":{"line":4,"column":18}},"loc":{"start":{"line":4,"column":35},"end":{"line":15,"column":1}},"line":4},"1":{"name":"(anonymous_1)","decl":{"start":{"line":8,"column":12},"end":{"line":8,"column":13}},"loc":{"start":{"line":8,"column":24},"end":{"line":14,"column":5}},"line":8}},"branchMap":{"0":{"loc":{"start":{"line":6,"column":4},"end":{"line":6,"column":88}},"type":"if","locations":[{"start":{"line":6,"column":4},"end":{"line":6,"column":88}},{"start":{"line":6,"column":4},"end":{"line":6,"column":88}}],"line":6},"1":{"loc":{"start":{"line":10,"column":8},"end":{"line":10,"column":60}},"type":"if","locations":[{"start":{"line":10,"column":8},"end":{"line":10,"column":60}},{"start":{"line":10,"column":8},"end":{"line":10,"column":60}}],"line":10}},"s":{"0":1,"1":1,"2":1,"3":2,"4":2,"5":0,"6":2,"7":2,"8":2,"9":1,"10":1},"f":{"0":2,"1":2},"b":{"0":[0,2],"1":[1,1]},"_coverageSchema":"43e27e138ebf9cfc5966b082cf9a028302ed4184","hash":"565812a0025138954d41861e05bb4b9132206261","contentHash":"0ac69b46074386fd0b27ad4fbc35286634de7df6dbf54dea0a40f211601689e5"},"/Users/Adri/bootcamp/collab/skylab-bootcamp-201909/staff/adri-campo/time2padel/time2padel-api/logic/delete-user/index.spec.js":{"path":"/Users/Adri/bootcamp/collab/skylab-bootcamp-201909/staff/adri-campo/time2padel/time2padel-api/logic/delete-user/index.spec.js","statementMap":{"0":{"start":{"line":1,"column":0},"end":{"line":1,"column":26}},"1":{"start":{"line":2,"column":33},"end":{"line":2,"column":40}},"2":{"start":{"line":3,"column":19},"end":{"line":3,"column":34}},"3":{"start":{"line":4,"column":19},"end":{"line":4,"column":31}},"4":{"start":{"line":5,"column":26},"end":{"line":5,"column":30}},"5":{"start":{"line":6,"column":53},"end":{"line":6,"column":79}},"6":{"start":{"line":7,"column":49},"end":{"line":7,"column":75}},"7":{"start":{"line":8,"column":15},"end":{"line":8,"column":34}},"8":{"start":{"line":10,"column":0},"end":{"line":61,"column":2}},"9":{"start":{"line":11,"column":4},"end":{"line":11,"column":47}},"10":{"start":{"line":11,"column":17},"end":{"line":11,"column":46}},"11":{"start":{"line":14,"column":4},"end":{"line":14,"column":32}},"12":{"start":{"line":15,"column":4},"end":{"line":15,"column":30}},"13":{"start":{"line":17,"column":4},"end":{"line":30,"column":6}},"14":{"start":{"line":18,"column":8},"end":{"line":18,"column":33}},"15":{"start":{"line":19,"column":8},"end":{"line":19,"column":39}},"16":{"start":{"line":20,"column":8},"end":{"line":20,"column":44}},"17":{"start":{"line":21,"column":8},"end":{"line":21,"column":41}},"18":{"start":{"line":22,"column":8},"end":{"line":22,"column":43}},"19":{"start":{"line":23,"column":8},"end":{"line":23,"column":31}},"20":{"start":{"line":25,"column":8},"end":{"line":25,"column":31}},"21":{"start":{"line":27,"column":21},"end":{"line":27,"column":125}},"22":{"start":{"line":29,"column":8},"end":{"line":29,"column":20}},"23":{"start":{"line":32,"column":4},"end":{"line":43,"column":6}},"24":{"start":{"line":33,"column":8},"end":{"line":33,"column":28}},"25":{"start":{"line":35,"column":21},"end":{"line":35,"column":44}},"26":{"start":{"line":37,"column":8},"end":{"line":37,"column":33}},"27":{"start":{"line":46,"column":4},"end":{"line":58,"column":6}},"28":{"start":{"line":47,"column":19},"end":{"line":47,"column":45}},"29":{"start":{"line":49,"column":8},"end":{"line":57,"column":9}},"30":{"start":{"line":50,"column":12},"end":{"line":50,"column":32}},"31":{"start":{"line":51,"column":12},"end":{"line":51,"column":54}},"32":{"start":{"line":54,"column":12},"end":{"line":54,"column":34}},"33":{"start":{"line":55,"column":12},"end":{"line":55,"column":60}},"34":{"start":{"line":56,"column":12},"end":{"line":56,"column":79}},"35":{"start":{"line":60,"column":4},"end":{"line":60,"column":60}},"36":{"start":{"line":60,"column":16},"end":{"line":60,"column":59}}},"fnMap":{"0":{"name":"(anonymous_0)","decl":{"start":{"line":10,"column":32},"end":{"line":10,"column":33}},"loc":{"start":{"line":10,"column":38},"end":{"line":61,"column":1}},"line":10},"1":{"name":"(anonymous_1)","decl":{"start":{"line":11,"column":11},"end":{"line":11,"column":12}},"loc":{"start":{"line":11,"column":17},"end":{"line":11,"column":46}},"line":11},"2":{"name":"(anonymous_2)","decl":{"start":{"line":17,"column":15},"end":{"line":17,"column":16}},"loc":{"start":{"line":17,"column":27},"end":{"line":30,"column":5}},"line":17},"3":{"name":"(anonymous_3)","decl":{"start":{"line":32,"column":41},"end":{"line":32,"column":42}},"loc":{"start":{"line":32,"column":53},"end":{"line":43,"column":5}},"line":32},"4":{"name":"(anonymous_4)","decl":{"start":{"line":46,"column":55},"end":{"line":46,"column":56}},"loc":{"start":{"line":46,"column":67},"end":{"line":58,"column":5}},"line":46},"5":{"name":"(anonymous_5)","decl":{"start":{"line":60,"column":10},"end":{"line":60,"column":11}},"loc":{"start":{"line":60,"column":16},"end":{"line":60,"column":59}},"line":60}},"branchMap":{},"s":{"0":1,"1":1,"2":1,"3":1,"4":1,"5":1,"6":1,"7":1,"8":1,"9":1,"10":1,"11":1,"12":1,"13":1,"14":2,"15":2,"16":2,"17":2,"18":2,"19":2,"20":2,"21":2,"22":2,"23":1,"24":1,"25":1,"26":1,"27":1,"28":1,"29":1,"30":1,"31":0,"32":1,"33":1,"34":1,"35":1,"36":1},"f":{"0":1,"1":1,"2":2,"3":1,"4":1,"5":1},"b":{},"_coverageSchema":"43e27e138ebf9cfc5966b082cf9a028302ed4184","hash":"96a67987bf612b94f8add08715de17c1115263ef","contentHash":"132c7d5aad6cfa67f6a9a284090fe6fd44af52ee37063330c2b3462d5dac7293"},"/Users/Adri/bootcamp/collab/skylab-bootcamp-201909/staff/adri-campo/time2padel/time2padel-api/logic/delete-user/index.js":{"path":"/Users/Adri/bootcamp/collab/skylab-bootcamp-201909/staff/adri-campo/time2padel/time2padel-api/logic/delete-user/index.js","statementMap":{"0":{"start":{"line":1,"column":77},"end":{"line":1,"column":103}},"1":{"start":{"line":2,"column":39},"end":{"line":2,"column":65}},"2":{"start":{"line":4,"column":0},"end":{"line":16,"column":1}},"3":{"start":{"line":5,"column":4},"end":{"line":5,"column":29}},"4":{"start":{"line":6,"column":4},"end":{"line":6,"column":80}},"5":{"start":{"line":6,"column":31},"end":{"line":6,"column":80}},"6":{"start":{"line":8,"column":4},"end":{"line":15,"column":4}},"7":{"start":{"line":9,"column":21},"end":{"line":9,"column":44}},"8":{"start":{"line":11,"column":8},"end":{"line":11,"column":79}},"9":{"start":{"line":11,"column":19},"end":{"line":11,"column":79}},"10":{"start":{"line":13,"column":8},"end":{"line":13,"column":41}}},"fnMap":{"0":{"name":"(anonymous_0)","decl":{"start":{"line":4,"column":17},"end":{"line":4,"column":18}},"loc":{"start":{"line":4,"column":31},"end":{"line":16,"column":1}},"line":4},"1":{"name":"(anonymous_1)","decl":{"start":{"line":8,"column":12},"end":{"line":8,"column":13}},"loc":{"start":{"line":8,"column":24},"end":{"line":15,"column":1}},"line":8}},"branchMap":{"0":{"loc":{"start":{"line":6,"column":4},"end":{"line":6,"column":80}},"type":"if","locations":[{"start":{"line":6,"column":4},"end":{"line":6,"column":80}},{"start":{"line":6,"column":4},"end":{"line":6,"column":80}}],"line":6},"1":{"loc":{"start":{"line":11,"column":8},"end":{"line":11,"column":79}},"type":"if","locations":[{"start":{"line":11,"column":8},"end":{"line":11,"column":79}},{"start":{"line":11,"column":8},"end":{"line":11,"column":79}}],"line":11}},"s":{"0":1,"1":1,"2":1,"3":2,"4":2,"5":0,"6":2,"7":2,"8":2,"9":1,"10":1},"f":{"0":2,"1":2},"b":{"0":[0,2],"1":[1,1]},"_coverageSchema":"43e27e138ebf9cfc5966b082cf9a028302ed4184","hash":"1aad8a3d739cfe619cb94af5f00fc183c6b03c62","contentHash":"cc012b532fd464565920220515f5d0d0ef2bd763d790939b613dcbfcf5778a02"},"/Users/Adri/bootcamp/collab/skylab-bootcamp-201909/staff/adri-campo/time2padel/time2padel-api/logic/list-teams/index.spec.js":{"path":"/Users/Adri/bootcamp/collab/skylab-bootcamp-201909/staff/adri-campo/time2padel/time2padel-api/logic/list-teams/index.spec.js","statementMap":{"0":{"start":{"line":1,"column":0},"end":{"line":1,"column":26}},"1":{"start":{"line":2,"column":33},"end":{"line":2,"column":40}},"2":{"start":{"line":3,"column":19},"end":{"line":3,"column":34}},"3":{"start":{"line":4,"column":18},"end":{"line":4,"column":30}},"4":{"start":{"line":5,"column":26},"end":{"line":5,"column":30}},"5":{"start":{"line":6,"column":55},"end":{"line":6,"column":81}},"6":{"start":{"line":7,"column":37},"end":{"line":7,"column":63}},"7":{"start":{"line":9,"column":0},"end":{"line":97,"column":2}},"8":{"start":{"line":10,"column":4},"end":{"line":10,"column":47}},"9":{"start":{"line":10,"column":17},"end":{"line":10,"column":46}},"10":{"start":{"line":14,"column":4},"end":{"line":66,"column":6}},"11":{"start":{"line":15,"column":8},"end":{"line":15,"column":33}},"12":{"start":{"line":16,"column":8},"end":{"line":16,"column":39}},"13":{"start":{"line":17,"column":8},"end":{"line":17,"column":44}},"14":{"start":{"line":18,"column":8},"end":{"line":18,"column":41}},"15":{"start":{"line":19,"column":8},"end":{"line":19,"column":41}},"16":{"start":{"line":21,"column":8},"end":{"line":21,"column":65}},"17":{"start":{"line":23,"column":21},"end":{"line":23,"column":84}},"18":{"start":{"line":24,"column":8},"end":{"line":24,"column":20}},"19":{"start":{"line":26,"column":8},"end":{"line":26,"column":20}},"20":{"start":{"line":27,"column":8},"end":{"line":27,"column":19}},"21":{"start":{"line":28,"column":8},"end":{"line":28,"column":21}},"22":{"start":{"line":29,"column":8},"end":{"line":29,"column":21}},"23":{"start":{"line":30,"column":8},"end":{"line":30,"column":22}},"24":{"start":{"line":31,"column":8},"end":{"line":31,"column":23}},"25":{"start":{"line":33,"column":27},"end":{"line":33,"column":29}},"26":{"start":{"line":35,"column":8},"end":{"line":53,"column":9}},"27":{"start":{"line":35,"column":21},"end":{"line":35,"column":22}},"28":{"start":{"line":36,"column":25},"end":{"line":43,"column":13}},"29":{"start":{"line":47,"column":12},"end":{"line":47,"column":82}},"30":{"start":{"line":47,"column":59},"end":{"line":47,"column":80}},"31":{"start":{"line":49,"column":12},"end":{"line":49,"column":35}},"32":{"start":{"line":50,"column":12},"end":{"line":50,"column":37}},"33":{"start":{"line":51,"column":12},"end":{"line":51,"column":39}},"34":{"start":{"line":55,"column":8},"end":{"line":63,"column":15}},"35":{"start":{"line":55,"column":21},"end":{"line":55,"column":22}},"36":{"start":{"line":56,"column":12},"end":{"line":63,"column":15}},"37":{"start":{"line":65,"column":8},"end":{"line":65,"column":37}},"38":{"start":{"line":68,"column":4},"end":{"line":94,"column":6}},"39":{"start":{"line":69,"column":22},"end":{"line":69,"column":41}},"40":{"start":{"line":71,"column":8},"end":{"line":71,"column":30}},"41":{"start":{"line":72,"column":8},"end":{"line":72,"column":41}},"42":{"start":{"line":74,"column":8},"end":{"line":93,"column":10}},"43":{"start":{"line":75,"column":12},"end":{"line":75,"column":36}},"44":{"start":{"line":76,"column":12},"end":{"line":76,"column":45}},"45":{"start":{"line":77,"column":12},"end":{"line":77,"column":57}},"46":{"start":{"line":79,"column":12},"end":{"line":79,"column":39}},"47":{"start":{"line":80,"column":12},"end":{"line":80,"column":48}},"48":{"start":{"line":81,"column":12},"end":{"line":81,"column":60}},"49":{"start":{"line":83,"column":12},"end":{"line":83,"column":41}},"50":{"start":{"line":84,"column":12},"end":{"line":84,"column":41}},"51":{"start":{"line":86,"column":12},"end":{"line":86,"column":38}},"52":{"start":{"line":87,"column":12},"end":{"line":87,"column":47}},"53":{"start":{"line":88,"column":12},"end":{"line":88,"column":59}},"54":{"start":{"line":90,"column":12},"end":{"line":90,"column":39}},"55":{"start":{"line":91,"column":12},"end":{"line":91,"column":48}},"56":{"start":{"line":92,"column":12},"end":{"line":92,"column":60}},"57":{"start":{"line":96,"column":4},"end":{"line":96,"column":94}},"58":{"start":{"line":96,"column":16},"end":{"line":96,"column":93}}},"fnMap":{"0":{"name":"(anonymous_0)","decl":{"start":{"line":9,"column":31},"end":{"line":9,"column":32}},"loc":{"start":{"line":9,"column":37},"end":{"line":97,"column":1}},"line":9},"1":{"name":"(anonymous_1)","decl":{"start":{"line":10,"column":11},"end":{"line":10,"column":12}},"loc":{"start":{"line":10,"column":17},"end":{"line":10,"column":46}},"line":10},"2":{"name":"(anonymous_2)","decl":{"start":{"line":14,"column":15},"end":{"line":14,"column":16}},"loc":{"start":{"line":14,"column":27},"end":{"line":66,"column":5}},"line":14},"3":{"name":"(anonymous_3)","decl":{"start":{"line":47,"column":51},"end":{"line":47,"column":52}},"loc":{"start":{"line":47,"column":59},"end":{"line":47,"column":80}},"line":47},"4":{"name":"(anonymous_4)","decl":{"start":{"line":68,"column":55},"end":{"line":68,"column":56}},"loc":{"start":{"line":68,"column":67},"end":{"line":94,"column":5}},"line":68},"5":{"name":"(anonymous_5)","decl":{"start":{"line":74,"column":22},"end":{"line":74,"column":23}},"loc":{"start":{"line":74,"column":30},"end":{"line":93,"column":9}},"line":74},"6":{"name":"(anonymous_6)","decl":{"start":{"line":96,"column":10},"end":{"line":96,"column":11}},"loc":{"start":{"line":96,"column":16},"end":{"line":96,"column":93}},"line":96}},"branchMap":{},"s":{"0":1,"1":1,"2":1,"3":1,"4":1,"5":1,"6":1,"7":1,"8":1,"9":1,"10":1,"11":1,"12":1,"13":1,"14":1,"15":1,"16":1,"17":1,"18":1,"19":1,"20":1,"21":1,"22":1,"23":1,"24":1,"25":1,"26":1,"27":1,"28":3,"29":3,"30":3,"31":3,"32":3,"33":3,"34":1,"35":1,"36":3,"37":1,"38":1,"39":1,"40":1,"41":1,"42":1,"43":6,"44":6,"45":6,"46":6,"47":6,"48":6,"49":6,"50":6,"51":6,"52":6,"53":6,"54":6,"55":6,"56":6,"57":1,"58":1},"f":{"0":1,"1":1,"2":1,"3":3,"4":1,"5":6,"6":1},"b":{},"_coverageSchema":"43e27e138ebf9cfc5966b082cf9a028302ed4184","hash":"c46253b697acbd0a8ed844b5914b0a1a14f3190a","contentHash":"e01bafe7feb492582341c6e57d86caebbf8e0fc09609813d307616fa3cf08462"},"/Users/Adri/bootcamp/collab/skylab-bootcamp-201909/staff/adri-campo/time2padel/time2padel-api/logic/list-teams/index.js":{"path":"/Users/Adri/bootcamp/collab/skylab-bootcamp-201909/staff/adri-campo/time2padel/time2padel-api/logic/list-teams/index.js","statementMap":{"0":{"start":{"line":1,"column":62},"end":{"line":1,"column":88}},"1":{"start":{"line":2,"column":45},"end":{"line":2,"column":71}},"2":{"start":{"line":4,"column":0},"end":{"line":28,"column":1}},"3":{"start":{"line":5,"column":4},"end":{"line":5,"column":23}},"4":{"start":{"line":6,"column":4},"end":{"line":6,"column":37}},"5":{"start":{"line":7,"column":4},"end":{"line":7,"column":80}},"6":{"start":{"line":7,"column":31},"end":{"line":7,"column":80}},"7":{"start":{"line":9,"column":4},"end":{"line":27,"column":8}},"8":{"start":{"line":10,"column":21},"end":{"line":10,"column":44}},"9":{"start":{"line":12,"column":8},"end":{"line":12,"column":74}},"10":{"start":{"line":12,"column":19},"end":{"line":12,"column":74}},"11":{"start":{"line":14,"column":8},"end":{"line":14,"column":46}},"12":{"start":{"line":16,"column":22},"end":{"line":16,"column":162}},"13":{"start":{"line":18,"column":8},"end":{"line":24,"column":10}},"14":{"start":{"line":19,"column":12},"end":{"line":19,"column":41}},"15":{"start":{"line":20,"column":12},"end":{"line":20,"column":27}},"16":{"start":{"line":21,"column":12},"end":{"line":21,"column":35}},"17":{"start":{"line":22,"column":12},"end":{"line":22,"column":35}},"18":{"start":{"line":23,"column":12},"end":{"line":23,"column":24}},"19":{"start":{"line":26,"column":8},"end":{"line":26,"column":20}}},"fnMap":{"0":{"name":"(anonymous_0)","decl":{"start":{"line":4,"column":17},"end":{"line":4,"column":18}},"loc":{"start":{"line":4,"column":31},"end":{"line":28,"column":1}},"line":4},"1":{"name":"(anonymous_1)","decl":{"start":{"line":9,"column":12},"end":{"line":9,"column":13}},"loc":{"start":{"line":9,"column":24},"end":{"line":27,"column":5}},"line":9},"2":{"name":"(anonymous_2)","decl":{"start":{"line":18,"column":22},"end":{"line":18,"column":23}},"loc":{"start":{"line":18,"column":30},"end":{"line":24,"column":9}},"line":18}},"branchMap":{"0":{"loc":{"start":{"line":7,"column":4},"end":{"line":7,"column":80}},"type":"if","locations":[{"start":{"line":7,"column":4},"end":{"line":7,"column":80}},{"start":{"line":7,"column":4},"end":{"line":7,"column":80}}],"line":7},"1":{"loc":{"start":{"line":12,"column":8},"end":{"line":12,"column":74}},"type":"if","locations":[{"start":{"line":12,"column":8},"end":{"line":12,"column":74}},{"start":{"line":12,"column":8},"end":{"line":12,"column":74}}],"line":12}},"s":{"0":1,"1":1,"2":1,"3":1,"4":1,"5":1,"6":0,"7":1,"8":1,"9":1,"10":0,"11":1,"12":1,"13":1,"14":6,"15":6,"16":6,"17":6,"18":6,"19":1},"f":{"0":1,"1":1,"2":6},"b":{"0":[0,1],"1":[0,1]},"_coverageSchema":"43e27e138ebf9cfc5966b082cf9a028302ed4184","hash":"9153bc70886092a14e93774e3d1f78c3d65b2459","contentHash":"57e915302739b6c94facd71fd9c25c33106c4f4180a2fc4a9f2c64e0d95a45da"},"/Users/Adri/bootcamp/collab/skylab-bootcamp-201909/staff/adri-campo/time2padel/time2padel-api/logic/modify-user/index.spec.js":{"path":"/Users/Adri/bootcamp/collab/skylab-bootcamp-201909/staff/adri-campo/time2padel/time2padel-api/logic/modify-user/index.spec.js","statementMap":{"0":{"start":{"line":1,"column":0},"end":{"line":1,"column":26}},"1":{"start":{"line":2,"column":33},"end":{"line":2,"column":40}},"2":{"start":{"line":3,"column":19},"end":{"line":3,"column":34}},"3":{"start":{"line":4,"column":26},"end":{"line":4,"column":30}},"4":{"start":{"line":5,"column":19},"end":{"line":5,"column":31}},"5":{"start":{"line":6,"column":38},"end":{"line":6,"column":64}},"6":{"start":{"line":7,"column":39},"end":{"line":7,"column":65}},"7":{"start":{"line":8,"column":15},"end":{"line":8,"column":34}},"8":{"start":{"line":10,"column":0},"end":{"line":61,"column":2}},"9":{"start":{"line":11,"column":4},"end":{"line":11,"column":47}},"10":{"start":{"line":11,"column":17},"end":{"line":11,"column":46}},"11":{"start":{"line":14,"column":4},"end":{"line":14,"column":32}},"12":{"start":{"line":15,"column":4},"end":{"line":15,"column":30}},"13":{"start":{"line":17,"column":4},"end":{"line":30,"column":6}},"14":{"start":{"line":18,"column":8},"end":{"line":18,"column":33}},"15":{"start":{"line":19,"column":8},"end":{"line":19,"column":39}},"16":{"start":{"line":20,"column":8},"end":{"line":20,"column":44}},"17":{"start":{"line":21,"column":8},"end":{"line":21,"column":41}},"18":{"start":{"line":22,"column":8},"end":{"line":22,"column":43}},"19":{"start":{"line":23,"column":8},"end":{"line":23,"column":31}},"20":{"start":{"line":25,"column":8},"end":{"line":25,"column":31}},"21":{"start":{"line":27,"column":21},"end":{"line":27,"column":125}},"22":{"start":{"line":29,"column":8},"end":{"line":29,"column":20}},"23":{"start":{"line":32,"column":4},"end":{"line":43,"column":6}},"24":{"start":{"line":33,"column":8},"end":{"line":33,"column":48}},"25":{"start":{"line":35,"column":21},"end":{"line":35,"column":44}},"26":{"start":{"line":37,"column":8},"end":{"line":37,"column":29}},"27":{"start":{"line":38,"column":8},"end":{"line":38,"column":48}},"28":{"start":{"line":40,"column":22},"end":{"line":40,"column":67}},"29":{"start":{"line":41,"column":8},"end":{"line":41,"column":32}},"30":{"start":{"line":46,"column":4},"end":{"line":58,"column":6}},"31":{"start":{"line":47,"column":20},"end":{"line":47,"column":46}},"32":{"start":{"line":49,"column":8},"end":{"line":57,"column":9}},"33":{"start":{"line":50,"column":12},"end":{"line":50,"column":33}},"34":{"start":{"line":51,"column":12},"end":{"line":51,"column":54}},"35":{"start":{"line":54,"column":12},"end":{"line":54,"column":34}},"36":{"start":{"line":55,"column":12},"end":{"line":55,"column":60}},"37":{"start":{"line":56,"column":12},"end":{"line":56,"column":80}},"38":{"start":{"line":60,"column":4},"end":{"line":60,"column":60}},"39":{"start":{"line":60,"column":16},"end":{"line":60,"column":59}}},"fnMap":{"0":{"name":"(anonymous_0)","decl":{"start":{"line":10,"column":32},"end":{"line":10,"column":33}},"loc":{"start":{"line":10,"column":38},"end":{"line":61,"column":1}},"line":10},"1":{"name":"(anonymous_1)","decl":{"start":{"line":11,"column":11},"end":{"line":11,"column":12}},"loc":{"start":{"line":11,"column":17},"end":{"line":11,"column":46}},"line":11},"2":{"name":"(anonymous_2)","decl":{"start":{"line":17,"column":15},"end":{"line":17,"column":16}},"loc":{"start":{"line":17,"column":27},"end":{"line":30,"column":5}},"line":17},"3":{"name":"(anonymous_3)","decl":{"start":{"line":32,"column":41},"end":{"line":32,"column":42}},"loc":{"start":{"line":32,"column":53},"end":{"line":43,"column":5}},"line":32},"4":{"name":"(anonymous_4)","decl":{"start":{"line":46,"column":55},"end":{"line":46,"column":56}},"loc":{"start":{"line":46,"column":67},"end":{"line":58,"column":5}},"line":46},"5":{"name":"(anonymous_5)","decl":{"start":{"line":60,"column":10},"end":{"line":60,"column":11}},"loc":{"start":{"line":60,"column":16},"end":{"line":60,"column":59}},"line":60}},"branchMap":{},"s":{"0":1,"1":1,"2":1,"3":1,"4":1,"5":1,"6":1,"7":1,"8":1,"9":1,"10":1,"11":1,"12":1,"13":1,"14":2,"15":2,"16":2,"17":2,"18":2,"19":2,"20":2,"21":2,"22":2,"23":1,"24":1,"25":1,"26":1,"27":1,"28":1,"29":1,"30":1,"31":1,"32":1,"33":1,"34":0,"35":1,"36":1,"37":1,"38":1,"39":1},"f":{"0":1,"1":1,"2":2,"3":1,"4":1,"5":1},"b":{},"_coverageSchema":"43e27e138ebf9cfc5966b082cf9a028302ed4184","hash":"fa103e017fe0ef091e88b49cd7892bbb4869db11","contentHash":"da2347a6249bdba567625f81c1a6cad77a80bb986c7adf1ff27f26fac2c00ed0"},"/Users/Adri/bootcamp/collab/skylab-bootcamp-201909/staff/adri-campo/time2padel/time2padel-api/logic/modify-user/index.js":{"path":"/Users/Adri/bootcamp/collab/skylab-bootcamp-201909/staff/adri-campo/time2padel/time2padel-api/logic/modify-user/index.js","statementMap":{"0":{"start":{"line":1,"column":62},"end":{"line":1,"column":88}},"1":{"start":{"line":2,"column":39},"end":{"line":2,"column":65}},"2":{"start":{"line":3,"column":15},"end":{"line":3,"column":34}},"3":{"start":{"line":5,"column":0},"end":{"line":37,"column":1}},"4":{"start":{"line":6,"column":4},"end":{"line":6,"column":23}},"5":{"start":{"line":7,"column":4},"end":{"line":7,"column":37}},"6":{"start":{"line":8,"column":4},"end":{"line":8,"column":80}},"7":{"start":{"line":8,"column":31},"end":{"line":8,"column":80}},"8":{"start":{"line":10,"column":4},"end":{"line":13,"column":5}},"9":{"start":{"line":11,"column":8},"end":{"line":11,"column":33}},"10":{"start":{"line":12,"column":8},"end":{"line":12,"column":53}},"11":{"start":{"line":14,"column":4},"end":{"line":17,"column":5}},"12":{"start":{"line":15,"column":8},"end":{"line":15,"column":33}},"13":{"start":{"line":16,"column":8},"end":{"line":16,"column":53}},"14":{"start":{"line":19,"column":4},"end":{"line":36,"column":8}},"15":{"start":{"line":20,"column":21},"end":{"line":20,"column":44}},"16":{"start":{"line":22,"column":8},"end":{"line":22,"column":79}},"17":{"star
[...]
e":53,"column":60}},"41":{"start":{"line":54,"column":12},"end":{"line":54,"column":74}},"42":{"start":{"line":58,"column":4},"end":{"line":58,"column":60}},"43":{"start":{"line":58,"column":16},"end":{"line":58,"column":59}}},"fnMap":{"0":{"name":"(anonymous_0)","decl":{"start":{"line":10,"column":34},"end":{"line":10,"column":35}},"loc":{"start":{"line":10,"column":40},"end":{"line":59,"column":1}},"line":10},"1":{"name":"(anonymous_1)","decl":{"start":{"line":11,"column":11},"end":{"line":11,"column":12}},"loc":{"start":{"line":11,"column":17},"end":{"line":11,"column":46}},"line":11},"2":{"name":"(anonymous_2)","decl":{"start":{"line":17,"column":15},"end":{"line":17,"column":16}},"loc":{"start":{"line":17,"column":27},"end":{"line":28,"column":5}},"line":17},"3":{"name":"(anonymous_3)","decl":{"start":{"line":30,"column":44},"end":{"line":30,"column":45}},"loc":{"start":{"line":30,"column":56},"end":{"line":42,"column":5}},"line":30},"4":{"name":"(anonymous_4)","decl":{"start":{"line":44,"column":39},"end":{"line":44,"column":40}},"loc":{"start":{"line":44,"column":51},"end":{"line":56,"column":5}},"line":44},"5":{"name":"(anonymous_5)","decl":{"start":{"line":58,"column":10},"end":{"line":58,"column":11}},"loc":{"start":{"line":58,"column":16},"end":{"line":58,"column":59}},"line":58}},"branchMap":{},"s":{"0":1,"1":1,"2":1,"3":1,"4":1,"5":1,"6":1,"7":1,"8":1,"9":1,"10":1,"11":1,"12":1,"13":1,"14":2,"15":2,"16":2,"17":2,"18":2,"19":2,"20":2,"21":2,"22":2,"23":1,"24":1,"25":1,"26":1,"27":1,"28":1,"29":1,"30":1,"31":1,"32":1,"33":1,"34":1,"35":1,"36":1,"37":1,"38":0,"39":1,"40":1,"41":1,"42":1,"43":1},"f":{"0":1,"1":1,"2":2,"3":1,"4":1,"5":1},"b":{},"_coverageSchema":"43e27e138ebf9cfc5966b082cf9a028302ed4184","hash":"ceadcc7242e1cce3302fa0451097a80d35860317","contentHash":"616896cc5939e7071ea70f340483d35e1aad790ab9fc2b995f9114524cdfa530"},"/Users/Adri/bootcamp/collab/skylab-bootcamp-201909/staff/adri-campo/time2padel/time2padel-api/logic/retrieve-user/index.js":{"path":"/Users/Adri/bootcamp/collab/skylab-bootcamp-201909/staff/adri-campo/time2padel/time2padel-api/logic/retrieve-user/index.js","statementMap":{"0":{"start":{"line":1,"column":62},"end":{"line":1,"column":88}},"1":{"start":{"line":2,"column":39},"end":{"line":2,"column":65}},"2":{"start":{"line":4,"column":0},"end":{"line":20,"column":1}},"3":{"start":{"line":5,"column":4},"end":{"line":5,"column":23}},"4":{"start":{"line":6,"column":4},"end":{"line":6,"column":37}},"5":{"start":{"line":7,"column":4},"end":{"line":7,"column":80}},"6":{"start":{"line":7,"column":31},"end":{"line":7,"column":80}},"7":{"start":{"line":9,"column":4},"end":{"line":19,"column":8}},"8":{"start":{"line":10,"column":21},"end":{"line":10,"column":44}},"9":{"start":{"line":12,"column":8},"end":{"line":12,"column":74}},"10":{"start":{"line":12,"column":19},"end":{"line":12,"column":74}},"11":{"start":{"line":14,"column":8},"end":{"line":14,"column":25}},"12":{"start":{"line":16,"column":59},"end":{"line":16,"column":74}},"13":{"start":{"line":18,"column":8},"end":{"line":18,"column":71}}},"fnMap":{"0":{"name":"(anonymous_0)","decl":{"start":{"line":4,"column":17},"end":{"line":4,"column":18}},"loc":{"start":{"line":4,"column":31},"end":{"line":20,"column":1}},"line":4},"1":{"name":"(anonymous_1)","decl":{"start":{"line":9,"column":12},"end":{"line":9,"column":13}},"loc":{"start":{"line":9,"column":24},"end":{"line":19,"column":5}},"line":9}},"branchMap":{"0":{"loc":{"start":{"line":7,"column":4},"end":{"line":7,"column":80}},"type":"if","locations":[{"start":{"line":7,"column":4},"end":{"line":7,"column":80}},{"start":{"line":7,"column":4},"end":{"line":7,"column":80}}],"line":7},"1":{"loc":{"start":{"line":12,"column":8},"end":{"line":12,"column":74}},"type":"if","locations":[{"start":{"line":12,"column":8},"end":{"line":12,"column":74}},{"start":{"line":12,"column":8},"end":{"line":12,"column":74}}],"line":12}},"s":{"0":1,"1":1,"2":1,"3":2,"4":2,"5":2,"6":0,"7":2,"8":2,"9":2,"10":1,"11":1,"12":1,"13":1},"f":{"0":2,"1":2},"b":{"0":[0,2],"1":[1,1]},"_coverageSchema":"43e27e138ebf9cfc5966b082cf9a028302ed4184","hash":"1a7a1c85e6459c6bde6bb3aff9cd40bc05321988","contentHash":"9f805ee5d6ce3fba6a21c1883fb4efc8e1af34e174e06fc548ef83e7b60730c1"},"/Users/Adri/bootcamp/collab/skylab-bootcamp-201909/staff/adri-campo/time2padel/time2padel-api/logic/retrieve-userteams/index.spec.js":{"path":"/Users/Adri/bootcamp/collab/skylab-bootcamp-201909/staff/adri-campo/time2padel/time2padel-api/logic/retrieve-userteams/index.spec.js","statementMap":{"0":{"start":{"line":1,"column":0},"end":{"line":1,"column":26}},"1":{"start":{"line":2,"column":33},"end":{"line":2,"column":40}},"2":{"start":{"line":3,"column":19},"end":{"line":3,"column":34}},"3":{"start":{"line":4,"column":26},"end":{"line":4,"column":30}},"4":{"start":{"line":5,"column":26},"end":{"line":5,"column":38}},"5":{"start":{"line":6,"column":38},"end":{"line":6,"column":64}},"6":{"start":{"line":7,"column":45},"end":{"line":7,"column":71}},"7":{"start":{"line":8,"column":15},"end":{"line":8,"column":34}},"8":{"start":{"line":10,"column":0},"end":{"line":68,"column":2}},"9":{"start":{"line":11,"column":4},"end":{"line":11,"column":47}},"10":{"start":{"line":11,"column":17},"end":{"line":11,"column":46}},"11":{"start":{"line":14,"column":4},"end":{"line":14,"column":32}},"12":{"start":{"line":15,"column":4},"end":{"line":15,"column":30}},"13":{"start":{"line":19,"column":4},"end":{"line":41,"column":6}},"14":{"start":{"line":21,"column":19},"end":{"line":21,"column":114}},"15":{"start":{"line":22,"column":19},"end":{"line":22,"column":114}},"16":{"start":{"line":23,"column":8},"end":{"line":23,"column":35}},"17":{"start":{"line":24,"column":8},"end":{"line":24,"column":23}},"18":{"start":{"line":25,"column":8},"end":{"line":25,"column":23}},"19":{"start":{"line":26,"column":8},"end":{"line":26,"column":33}},"20":{"start":{"line":27,"column":8},"end":{"line":27,"column":35}},"21":{"start":{"line":28,"column":8},"end":{"line":28,"column":27}},"22":{"start":{"line":30,"column":8},"end":{"line":30,"column":33}},"23":{"start":{"line":31,"column":8},"end":{"line":31,"column":39}},"24":{"start":{"line":32,"column":8},"end":{"line":32,"column":44}},"25":{"start":{"line":33,"column":8},"end":{"line":33,"column":41}},"26":{"start":{"line":34,"column":8},"end":{"line":34,"column":41}},"27":{"start":{"line":35,"column":8},"end":{"line":35,"column":31}},"28":{"start":{"line":37,"column":8},"end":{"line":37,"column":65}},"29":{"start":{"line":39,"column":21},"end":{"line":39,"column":132}},"30":{"start":{"line":40,"column":8},"end":{"line":40,"column":20}},"31":{"start":{"line":43,"column":4},"end":{"line":51,"column":6}},"32":{"start":{"line":43,"column":58},"end":{"line":43,"column":66}},"33":{"start":{"line":44,"column":19},"end":{"line":44,"column":42}},"34":{"start":{"line":45,"column":21},"end":{"line":45,"column":88}},"35":{"start":{"line":46,"column":8},"end":{"line":46,"column":29}},"36":{"start":{"line":47,"column":8},"end":{"line":47,"column":40}},"37":{"start":{"line":49,"column":8},"end":{"line":49,"column":29}},"38":{"start":{"line":50,"column":8},"end":{"line":50,"column":44}},"39":{"start":{"line":53,"column":4},"end":{"line":65,"column":6}},"40":{"start":{"line":54,"column":19},"end":{"line":54,"column":45}},"41":{"start":{"line":56,"column":8},"end":{"line":64,"column":9}},"42":{"start":{"line":57,"column":12},"end":{"line":57,"column":39}},"43":{"start":{"line":59,"column":12},"end":{"line":59,"column":54}},"44":{"start":{"line":61,"column":12},"end":{"line":61,"column":34}},"45":{"start":{"line":62,"column":12},"end":{"line":62,"column":60}},"46":{"start":{"line":63,"column":12},"end":{"line":63,"column":74}},"47":{"start":{"line":67,"column":4},"end":{"line":67,"column":94}},"48":{"start":{"line":67,"column":16},"end":{"line":67,"column":93}}},"fnMap":{"0":{"name":"(anonymous_0)","decl":{"start":{"line":10,"column":40},"end":{"line":10,"column":41}},"loc":{"start":{"line":10,"column":46},"end":{"line":68,"column":1}},"line":10},"1":{"name":"(anonymous_1)","decl":{"start":{"line":11,"column":11},"end":{"line":11,"column":12}},"loc":{"start":{"line":11,"column":17},"end":{"line":11,"column":46}},"line":11},"2":{"name":"(anonymous_2)","decl":{"start":{"line":19,"column":15},"end":{"line":19,"column":16}},"loc":{"start":{"line":19,"column":27},"end":{"line":41,"column":5}},"line":19},"3":{"name":"(anonymous_3)","decl":{"start":{"line":43,"column":44},"end":{"line":43,"column":45}},"loc":{"start":{"line":43,"column":56},"end":{"line":51,"column":5}},"line":43},"4":{"name":"(anonymous_4)","decl":{"start":{"line":53,"column":39},"end":{"line":53,"column":40}},"loc":{"start":{"line":53,"column":51},"end":{"line":65,"column":5}},"line":53},"5":{"name":"(anonymous_5)","decl":{"start":{"line":67,"column":10},"end":{"line":67,"column":11}},"loc":{"start":{"line":67,"column":16},"end":{"line":67,"column":93}},"line":67}},"branchMap":{},"s":{"0":1,"1":1,"2":1,"3":1,"4":1,"5":1,"6":1,"7":1,"8":1,"9":1,"10":1,"11":1,"12":1,"13":1,"14":2,"15":2,"16":2,"17":2,"18":2,"19":2,"20":2,"21":2,"22":2,"23":2,"24":2,"25":2,"26":2,"27":2,"28":2,"29":2,"30":2,"31":1,"32":1,"33":1,"34":1,"35":1,"36":1,"37":1,"38":1,"39":1,"40":1,"41":1,"42":1,"43":0,"44":1,"45":1,"46":1,"47":1,"48":1},"f":{"0":1,"1":1,"2":2,"3":1,"4":1,"5":1},"b":{},"_coverageSchema":"43e27e138ebf9cfc5966b082cf9a028302ed4184","hash":"3ee1f9e1b2cf198233ee2f90fe7601d2cde2c8a5","contentHash":"64ce74dac7fadd194de11794a28fd97a4af0de510f0ee523bc4311d0e35b8929"},"/Users/Adri/bootcamp/collab/skylab-bootcamp-201909/staff/adri-campo/time2padel/time2padel-api/logic/retrieve-userteams/index.js":{"path":"/Users/Adri/bootcamp/collab/skylab-bootcamp-201909/staff/adri-campo/time2padel/time2padel-api/logic/retrieve-userteams/index.js","statementMap":{"0":{"start":{"line":1,"column":62},"end":{"line":1,"column":88}},"1":{"start":{"line":2,"column":39},"end":{"line":2,"column":65}},"2":{"start":{"line":4,"column":0},"end":{"line":26,"column":1}},"3":{"start":{"line":5,"column":4},"end":{"line":5,"column":23}},"4":{"start":{"line":6,"column":4},"end":{"line":6,"column":37}},"5":{"start":{"line":7,"column":4},"end":{"line":7,"column":80}},"6":{"start":{"line":7,"column":31},"end":{"line":7,"column":80}},"7":{"start":{"line":9,"column":4},"end":{"line":25,"column":8}},"8":{"start":{"line":10,"column":21},"end":{"line":17,"column":10}},"9":{"start":{"line":19,"column":8},"end":{"line":19,"column":74}},"10":{"start":{"line":19,"column":19},"end":{"line":19,"column":74}},"11":{"start":{"line":21,"column":26},"end":{"line":21,"column":30}},"12":{"start":{"line":23,"column":8},"end":{"line":23,"column":20}}},"fnMap":{"0":{"name":"(anonymous_0)","decl":{"start":{"line":4,"column":17},"end":{"line":4,"column":18}},"loc":{"start":{"line":4,"column":31},"end":{"line":26,"column":1}},"line":4},"1":{"name":"(anonymous_1)","decl":{"start":{"line":9,"column":12},"end":{"line":9,"column":13}},"loc":{"start":{"line":9,"column":24},"end":{"line":25,"column":5}},"line":9}},"branchMap":{"0":{"loc":{"start":{"line":7,"column":4},"end":{"line":7,"column":80}},"type":"if","locations":[{"start":{"line":7,"column":4},"end":{"line":7,"column":80}},{"start":{"line":7,"column":4},"end":{"line":7,"column":80}}],"line":7},"1":{"loc":{"start":{"line":19,"column":8},"end":{"line":19,"column":74}},"type":"if","locations":[{"start":{"line":19,"column":8},"end":{"line":19,"column":74}},{"start":{"line":19,"column":8},"end":{"line":19,"column":74}}],"line":19}},"s":{"0":1,"1":1,"2":1,"3":2,"4":2,"5":2,"6":0,"7":2,"8":2,"9":2,"10":1,"11":1,"12":1},"f":{"0":2,"1":2},"b":{"0":[0,2],"1":[1,1]},"_coverageSchema":"43e27e138ebf9cfc5966b082cf9a028302ed4184","hash":"107e67fe1c631f61172d1354d3010fe0cf0151dc","contentHash":"4178c15153e57de8e0809676560c918f31e75dd5bc1133600c584eba4a261b9f"},"/Users/Adri/bootcamp/collab/skylab-bootcamp-201909/staff/adri-campo/time2padel/time2padel-api/logic/update-team/index.spec.js":{"path":"/Users/Adri/bootcamp/collab/skylab-bootcamp-201909/staff/adri-campo/time2padel/time2padel-api/logic/update-team/index.spec.js","statementMap":{"0":{"start":{"line":1,"column":0},"end":{"line":1,"column":24}},"1":{"start":{"line":2,"column":33},"end":{"line":2,"column":40}},"2":{"start":{"line":3,"column":19},"end":{"line":3,"column":34}},"3":{"start":{"line":4,"column":19},"end":{"line":4,"column":31}},"4":{"start":{"line":5,"column":26},"end":{"line":5,"column":30}},"5":{"start":{"line":6,"column":45},"end":{"line":6,"column":71}},"6":{"start":{"line":7,"column":37},"end":{"line":7,"column":63}},"7":{"start":{"line":9,"column":0},"end":{"line":57,"column":2}},"8":{"start":{"line":10,"column":4},"end":{"line":10,"column":47}},"9":{"start":{"line":10,"column":17},"end":{"line":10,"column":46}},"10":{"start":{"line":15,"column":4},"end":{"line":32,"column":6}},"11":{"start":{"line":16,"column":19},"end":{"line":16,"column":106}},"12":{"start":{"line":17,"column":19},"end":{"line":17,"column":106}},"13":{"start":{"line":18,"column":8},"end":{"line":18,"column":35}},"14":{"start":{"line":19,"column":8},"end":{"line":19,"column":23}},"15":{"start":{"line":20,"column":8},"end":{"line":20,"column":23}},"16":{"start":{"line":21,"column":8},"end":{"line":21,"column":33}},"17":{"start":{"line":22,"column":8},"end":{"line":22,"column":35}},"18":{"start":{"line":23,"column":8},"end":{"line":23,"column":26}},"19":{"start":{"line":25,"column":8},"end":{"line":25,"column":65}},"20":{"start":{"line":27,"column":21},"end":{"line":27,"column":88}},"21":{"start":{"line":28,"column":8},"end":{"line":28,"column":24}},"22":{"start":{"line":30,"column":21},"end":{"line":30,"column":50}},"23":{"start":{"line":31,"column":8},"end":{"line":31,"column":20}},"24":{"start":{"line":34,"column":4},"end":{"line":43,"column":6}},"25":{"start":{"line":35,"column":19},"end":{"line":35,"column":42}},"26":{"start":{"line":36,"column":19},"end":{"line":36,"column":46}},"27":{"start":{"line":37,"column":23},"end":{"line":37,"column":29}},"28":{"start":{"line":39,"column":21},"end":{"line":39,"column":63}},"29":{"start":{"line":41,"column":8},"end":{"line":41,"column":53}},"30":{"start":{"line":45,"column":4},"end":{"line":54,"column":6}},"31":{"start":{"line":46,"column":19},"end":{"line":46,"column":42}},"32":{"start":{"line":47,"column":19},"end":{"line":47,"column":46}},"33":{"start":{"line":48,"column":23},"end":{"line":48,"column":30}},"34":{"start":{"line":50,"column":23},"end":{"line":50,"column":65}},"35":{"start":{"line":52,"column":8},"end":{"line":52,"column":52}},"36":{"start":{"line":56,"column":4},"end":{"line":56,"column":94}},"37":{"start":{"line":56,"column":16},"end":{"line":56,"column":93}}},"fnMap":{"0":{"name":"(anonymous_0)","decl":{"start":{"line":9,"column":32},"end":{"line":9,"column":33}},"loc":{"start":{"line":9,"column":38},"end":{"line":57,"column":1}},"line":9},"1":{"name":"(anonymous_1)","decl":{"start":{"line":10,"column":11},"end":{"line":10,"column":12}},"loc":{"start":{"line":10,"column":17},"end":{"line":10,"column":46}},"line":10},"2":{"name":"(anonymous_2)","decl":{"start":{"line":15,"column":15},"end":{"line":15,"column":16}},"loc":{"start":{"line":15,"column":27},"end":{"line":32,"column":5}},"line":15},"3":{"name":"(anonymous_3)","decl":{"start":{"line":34,"column":53},"end":{"line":34,"column":54}},"loc":{"start":{"line":34,"column":65},"end":{"line":43,"column":5}},"line":34},"4":{"name":"(anonymous_4)","decl":{"start":{"line":45,"column":53},"end":{"line":45,"column":54}},"loc":{"start":{"line":45,"column":65},"end":{"line":54,"column":5}},"line":45},"5":{"name":"(anonymous_5)","decl":{"start":{"line":56,"column":10},"end":{"line":56,"column":11}},"loc":{"start":{"line":56,"column":16},"end":{"line":56,"column":93}},"line":56}},"branchMap":{},"s":{"0":1,"1":1,"2":1,"3":1,"4":1,"5":1,"6":1,"7":1,"8":1,"9":1,"10":1,"11":2,"12":2,"13":2,"14":2,"15":2,"16":2,"17":2,"18":2,"19":2,"20":2,"21":2,"22":2,"23":2,"24":1,"25":1,"26":1,"27":1,"28":1,"29":1,"30":1,"31":1,"32":1,"33":1,"34":1,"35":1,"36":1,"37":1},"f":{"0":1,"1":1,"2":2,"3":1,"4":1,"5":1},"b":{},"_coverageSchema":"43e27e138ebf9cfc5966b082cf9a028302ed4184","hash":"caf9c2fa00d3c72f4f3c471b6efbb674aff93314","contentHash":"a60ffee109582aead2e11ca91899082c94c2b57547e517ddf485fa7edf2d08c9"},"/Users/Adri/bootcamp/collab/skylab-bootcamp-201909/staff/adri-campo/time2padel/time2padel-api/logic/update-team/index.js":{"path":"/Users/Adri/bootcamp/collab/skylab-bootcamp-201909/staff/adri-campo/time2padel/time2padel-api/logic/update-team/index.js","statementMap":{"0":{"start":{"line":1,"column":63},"end":{"line":1,"column":89}},"1":{"start":{"line":2,"column":35},"end":{"line":2,"column":61}},"2":{"start":{"line":4,"column":0},"end":{"line":33,"column":1}},"3":{"start":{"line":5,"column":4},"end":{"line":5,"column":27}},"4":{"start":{"line":6,"column":4},"end":{"line":6,"column":45}},"5":{"start":{"line":10,"column":4},"end":{"line":32,"column":8}},"6":{"start":{"line":11,"column":21},"end":{"line":11,"column":44}},"7":{"start":{"line":12,"column":8},"end":{"line":12,"column":61}},"8":{"start":{"line":12,"column":19},"end":{"line":12,"column":61}},"9":{"start":{"line":13,"column":21},"end":{"line":13,"column":48}},"10":{"start":{"line":14,"column":8},"end":{"line":14,"column":61}},"11":{"start":{"line":14,"column":19},"end":{"line":14,"column":61}},"12":{"start":{"line":16,"column":8},"end":{"line":29,"column":9}},"13":{"start":{"line":18,"column":12},"end":{"line":22,"column":13}},"14":{"start":{"line":19,"column":16},"end":{"line":19,"column":29}},"15":{"start":{"line":21,"column":16},"end":{"line":21,"column":30}},"16":{"start":{"line":24,"column":12},"end":{"line":24,"column":62}},"17":{"start":{"line":25,"column":12},"end":{"line":25,"column":32}},"18":{"start":{"line":28,"column":12},"end":{"line":28,"column":99}},"19":{"start":{"line":30,"column":8},"end":{"line":30,"column":25}},"20":{"start":{"line":31,"column":8},"end":{"line":31,"column":19}}},"fnMap":{"0":{"name":"(anonymous_0)","decl":{"start":{"line":4,"column":17},"end":{"line":4,"column":18}},"loc":{"start":{"line":4,"column":47},"end":{"line":33,"column":1}},"line":4},"1":{"name":"(anonymous_1)","decl":{"start":{"line":10,"column":12},"end":{"line":10,"column":13}},"loc":{"start":{"line":10,"column":24},"end":{"line":32,"column":5}},"line":10}},"branchMap":{"0":{"loc":{"start":{"line":12,"column":8},"end":{"line":12,"column":61}},"type":"if","locations":[{"start":{"line":12,"column":8},"end":{"line":12,"column":61}},{"start":{"line":12,"column":8},"end":{"line":12,"column":61}}],"line":12},"1":{"loc":{"start":{"line":14,"column":8},"end":{"line":14,"column":61}},"type":"if","locations":[{"start":{"line":14,"column":8},"end":{"line":14,"column":61}},{"start":{"line":14,"column":8},"end":{"line":14,"column":61}}],"line":14},"2":{"loc":{"start":{"line":16,"column":8},"end":{"line":29,"column":9}},"type":"if","locations":[{"start":{"line":16,"column":8},"end":{"line":29,"column":9}},{"start":{"line":16,"column":8},"end":{"line":29,"column":9}}],"line":16},"3":{"loc":{"start":{"line":18,"column":12},"end":{"line":22,"column":13}},"type":"if","locations":[{"start":{"line":18,"column":12},"end":{"line":22,"column":13}},{"start":{"line":18,"column":12},"end":{"line":22,"column":13}}],"line":18},"4":{"loc":{"start":{"line":24,"column":12},"end":{"line":24,"column":62}},"type":"cond-expr","locations":[{"start":{"line":24,"column":21},"end":{"line":24,"column":40}},{"start":{"line":24,"column":44},"end":{"line":24,"column":62}}],"line":24}},"s":{"0":1,"1":1,"2":1,"3":2,"4":2,"5":2,"6":2,"7":2,"8":0,"9":2,"10":2,"11":0,"12":2,"13":2,"14":1,"15":1,"16":2,"17":2,"18":0,"19":2,"20":2},"f":{"0":2,"1":2},"b":{"0":[0,2],"1":[0,2],"2":[2,0],"3":[1,1],"4":[1,1]},"_coverageSchema":"43e27e138ebf9cfc5966b082cf9a028302ed4184","hash":"2e631a27fc81c72671ec7bfef0760b01055a8788","contentHash":"0586681688efc3e66ad125beed942830bebb8570db116b86403b8a0ee2c01990"}}